<?xml version="1.0" encoding="UTF-8"?>
<testsuite xmlns:xsi="http://www.w3.org/2001/XMLSchema-instance" xsi:noNamespaceSchemaLocation="https://maven.apache.org/surefire/maven-surefire-plugin/xsd/surefire-test-report-3.0.xsd" version="3.0" name="TestSuite" time="92.542" tests="2" errors="0" skipped="0" failures="0">
  <properties>
[...]
</properties>
  <testcase name="tc01PozitifTest" classname="generalstore.tests.TC01_PozitifTest" time="61.006">
    <system-out><![CDATA[&amp#27;[35m[Appium]&amp#27;[39m Welcome to Appium v2.2.2
&amp#27;[35m[Appium]&amp#27;[39m Attempting to load driver uiautomator2...
&amp#27;[35m[Appium]&amp#27;[39m Requiring driver at C:\Users\Admin\.appium\node_modules\appium-uiautomator2-driver
&amp#27;[35m[Appium]&amp#27;[39m Appium REST http interface listener started on http://0.0.0.0:4723
&amp#27;[35m[Appium]&amp#27;[39m You can provide the following URLs in your client code to connect to this server:
&amp#27;[35m[Appium]&amp#27;[39m 	http://192.168.0.230:4723/
&amp#27;[35m[Appium]&amp#27;[39m 	http://127.0.0.1:4723/ (only accessible from the same host)
&amp#27;[35m[Appium]&amp#27;[39m Available drivers:
&amp#27;[35m[Appium]&amp#27;[39m   - uiautomator2@2.34.1 (automationName 'UiAutomator2')
&amp#27;[35m[Appium]&amp#27;[39m No plugins have been installed. Use the "appium plugin" command to install the one(s) you want to use.
&amp#27;[38;5;0m[HTTP]&amp#27;[0m &amp#27;[37m-->&amp#27;[39m &amp#27;[37mGET&amp#27;[39m &amp#27;[37m/status&amp#27;[39m
&amp#27;[38;5;0m[HTTP]&amp#27;[0m &amp#27;[90m{}&amp#27;[39m
&amp#27;[38;5;16m[AppiumDriver@049a]&amp#27;[0m Calling AppiumDriver.getStatus() with args: []
&amp#27;[38;5;16m[AppiumDriver@049a]&amp#27;[0m Responding to client with driver.getStatus() result: {"ready":true,"message":"The server is ready to accept new connections","build":{"version":"2.2.2"}}
&amp#27;[38;5;0m[HTTP]&amp#27;[0m &amp#27;[37m<-- GET /status &amp#27;[39m&amp#27;[32m200&amp#27;[39m &amp#27;[90m16 ms - 110&amp#27;[39m
&amp#27;[38;5;0m[HTTP]&amp#27;[0m &amp#27;[90m&amp#27;[39m
&amp#27;[38;5;0m[HTTP]&amp#27;[0m Request idempotency key: 53248c16-e7f7-4948-8a85-f4bd0cffa0b5
&amp#27;[38;5;0m[HTTP]&amp#27;[0m &amp#27;[37m-->&amp#27;[39m &amp#27;[37mPOST&amp#27;[39m &amp#27;[37m/session&amp#27;[39m
&amp#27;[38;5;0m[HTTP]&amp#27;[0m &amp#27;[90m{"capabilities":{"firstMatch":[{}],"alwaysMatch":{"appium:app":"C:\\techpro\\CucumberProjeckt\\Batch151CucumberProjectFrameworks 2\\Batch151CucumberProjectFrameworks\\Appium_Upskills_TestNGFramework\\src\\test\\resources\\General-Store.apk","appium:automationName":"UIAutomator2","platformName":"ANDROID"}}}&amp#27;[39m
&amp#27;[38;5;16m[AppiumDriver@049a]&amp#27;[0m Calling AppiumDriver.createSession() with args: [null,null,{"firstMatch":[{}],"alwaysMatch":{"appium:app":"C:\\techpro\\CucumberProjeckt\\Batch151CucumberProjectFrameworks 2\\Batch151CucumberProjectFrameworks\\Appium_Upskills_TestNGFramework\\src\\test\\resources\\General-Store.apk","appium:automationName":"UIAutomator2","platformName":"ANDROID"}}]
&amp#27;[38;5;16m[AppiumDriver@049a]&amp#27;[0m Event 'newSessionRequested' logged at 1702669250771 (20:40:50 GMT+0100 (MitteleuropÃ¤ische Normalzeit))
&amp#27;[35m[Appium]&amp#27;[39m Attempting to find matching driver for automationName 'UIAutomator2' and platformName 'ANDROID'
&amp#27;[35m[Appium]&amp#27;[39m The 'uiautomator2' driver was installed and matched caps.
&amp#27;[35m[Appium]&amp#27;[39m Will require it at C:\Users\Admin\.appium\node_modules\appium-uiautomator2-driver
&amp#27;[35m[Appium]&amp#27;[39m Requiring driver at C:\Users\Admin\.appium\node_modules\appium-uiautomator2-driver
&amp#27;[38;5;16m[AppiumDriver@049a]&amp#27;[0m Appium v2.2.2 creating new AndroidUiautomator2Driver (v2.34.1) session
&amp#27;[38;5;16m[AppiumDriver@049a]&amp#27;[0m Checking BaseDriver versions for Appium and AndroidUiautomator2Driver
&amp#27;[38;5;16m[AppiumDriver@049a]&amp#27;[0m Appium's BaseDriver version is 9.4.2
&amp#27;[38;5;16m[AppiumDriver@049a]&amp#27;[0m AndroidUiautomator2Driver's BaseDriver version is 9.4.2
&amp#27;[38;5;32m[AndroidUiautomator2Driver@1d15]&amp#27;[0m Creating session with W3C capabilities: {
&amp#27;[38;5;32m[AndroidUiautomator2Driver@1d15]&amp#27;[0m   "alwaysMatch": {
&amp#27;[38;5;32m[AndroidUiautomator2Driver@1d15]&amp#27;[0m     "platformName": "ANDROID",
&amp#27;[38;5;32m[AndroidUiautomator2Driver@1d15]&amp#27;[0m     "appium:app": "C:\\techpro\\CucumberProjeckt\\Batch151CucumberProjectFrameworks 2\\Batch151CucumberProjectFrameworks\\Appium_Upskills_TestNGFramework\\src\\test\\resources\\General-Store.apk",
&amp#27;[38;5;32m[AndroidUiautomator2Driver@1d15]&amp#27;[0m     "appium:automationName": "UIAutomator2"
&amp#27;[38;5;32m[AndroidUiautomator2Driver@1d15]&amp#27;[0m   },
&amp#27;[38;5;32m[AndroidUiautomator2Driver@1d15]&amp#27;[0m   "firstMatch": [
&amp#27;[38;5;32m[AndroidUiautomator2Driver@1d15]&amp#27;[0m     {}
&amp#27;[38;5;32m[AndroidUiautomator2Driver@1d15]&amp#27;[0m   ]
&amp#27;[38;5;32m[AndroidUiautomator2Driver@1d15]&amp#27;[0m }
&amp#27;[38;5;32m[AndroidUiautomator2Driver@1d15 (6fec07b0)]&amp#27;[0m Session created with session id: 6fec07b0-7d23-4a01-828e-a389cf99e4ab
&amp#27;[38;5;48m[BaseDriver]&amp#27;[0m Using local app 'C:\techpro\CucumberProjeckt\Batch151CucumberProjectFrameworks 2\Batch151CucumberProjectFrameworks\Appium_Upskills_TestNGFramework\src\test\resources\General-Store.apk'
&amp#27;[38;5;32m[AndroidUiautomator2Driver@1d15 (6fec07b0)]&amp#27;[0m Checking whether app is actually present
&amp#27;[38;5;64m[ADB]&amp#27;[0m Found 1 'build-tools' folders under 'C:\Users\Admin\AppData\Local\Android\Sdk' (newest first):
&amp#27;[38;5;64m[ADB]&amp#27;[0m     C:\Users\Admin\AppData\Local\Android\Sdk\build-tools\34.0.0
&amp#27;[38;5;64m[ADB]&amp#27;[0m Using 'adb.exe' from 'C:\Users\Admin\AppData\Local\Android\Sdk\platform-tools\adb.exe'
&amp#27;[38;5;64m[ADB]&amp#27;[0m Running 'C:\Users\Admin\AppData\Local\Android\Sdk\platform-tools\adb.exe -P 5037 start-server'
&amp#27;[38;5;80m[AndroidDriver]&amp#27;[0m Retrieving device list
&amp#27;[38;5;64m[ADB]&amp#27;[0m Trying to find connected Android devices
&amp#27;[38;5;64m[ADB]&amp#27;[0m Getting connected devices
&amp#27;[38;5;64m[ADB]&amp#27;[0m Connected devices: [{"udid":"emulator-5554","state":"device"}]
&amp#27;[38;5;80m[AndroidDriver]&amp#27;[0m Using device: emulator-5554
&amp#27;[38;5;64m[ADB]&amp#27;[0m Using 'adb.exe' from 'C:\Users\Admin\AppData\Local\Android\Sdk\platform-tools\adb.exe'
&amp#27;[38;5;64m[ADB]&amp#27;[0m Running 'C:\Users\Admin\AppData\Local\Android\Sdk\platform-tools\adb.exe -P 5037 start-server'
&amp#27;[38;5;64m[ADB]&amp#27;[0m Setting device id to emulator-5554
&amp#27;[38;5;64m[ADB]&amp#27;[0m Running 'C:\Users\Admin\AppData\Local\Android\Sdk\platform-tools\adb.exe -P 5037 -s emulator-5554 shell getprop ro.build.version.sdk'
&amp#27;[38;5;64m[ADB]&amp#27;[0m Current device property 'ro.build.version.sdk': 29
&amp#27;[38;5;64m[ADB]&amp#27;[0m Getting device platform version
&amp#27;[38;5;64m[ADB]&amp#27;[0m Running 'C:\Users\Admin\AppData\Local\Android\Sdk\platform-tools\adb.exe -P 5037 -s emulator-5554 shell getprop ro.build.version.release'
&amp#27;[38;5;64m[ADB]&amp#27;[0m Current device property 'ro.build.version.release': 10
&amp#27;[38;5;64m[ADB]&amp#27;[0m Device API level: 29
&amp#27;[38;5;32m[AndroidUiautomator2Driver@1d15 (6fec07b0)]&amp#27;[0m Relaxing hidden api policy
&amp#27;[38;5;64m[ADB]&amp#27;[0m Running 'C:\Users\Admin\AppData\Local\Android\Sdk\platform-tools\adb.exe -P 5037 -s emulator-5554 shell 'settings put global hidden_api_policy_pre_p_apps 1;settings put global hidden_api_policy_p_apps 1;settings put global hidden_api_policy 1''
&amp#27;[38;5;80m[AndroidDriver]&amp#27;[0m Parsing package and activity from app manifest
&amp#27;[38;5;64m[ADB]&amp#27;[0m Package name: 'com.androidsample.generalstore'
&amp#27;[38;5;64m[ADB]&amp#27;[0m Main activity name: 'com.androidsample.generalstore.SplashActivity'
&amp#27;[38;5;80m[AndroidDriver]&amp#27;[0m Parsed package and activity are: com.androidsample.generalstore/com.androidsample.generalstore.SplashActivity
&amp#27;[38;5;64m[ADB]&amp#27;[0m Running 'C:\Users\Admin\AppData\Local\Android\Sdk\platform-tools\adb.exe -P 5037 -s emulator-5554 wait-for-device'
&amp#27;[38;5;64m[ADB]&amp#27;[0m Running 'C:\Users\Admin\AppData\Local\Android\Sdk\platform-tools\adb.exe -P 5037 -s emulator-5554 shell echo ping'
&amp#27;[38;5;80m[AndroidDriver]&amp#27;[0m Pushing settings apk to device...
&amp#27;[38;5;64m[ADB]&amp#27;[0m Getting package info for 'io.appium.settings'
&amp#27;[38;5;64m[ADB]&amp#27;[0m Running 'C:\Users\Admin\AppData\Local\Android\Sdk\platform-tools\adb.exe -P 5037 -s emulator-5554 shell dumpsys package io.appium.settings'
&amp#27;[38;5;64m[ADB]&amp#27;[0m The version name of the installed 'io.appium.settings' is greater or equal to the application version name ('5.2.0' >= '5.2.0')
&amp#27;[38;5;64m[ADB]&amp#27;[0m There is no need to install/upgrade 'C:\Users\Admin\.appium\node_modules\appium-uiautomator2-driver\node_modules\io.appium.settings\apks\settings_apk-debug.apk'
&amp#27;[38;5;64m[ADB]&amp#27;[0m Getting IDs of all 'io.appium.settings' processes
&amp#27;[38;5;64m[ADB]&amp#27;[0m Running 'C:\Users\Admin\AppData\Local\Android\Sdk\platform-tools\adb.exe -P 5037 -s emulator-5554 shell 'pgrep --help; echo $?''
&amp#27;[38;5;64m[ADB]&amp#27;[0m Running 'C:\Users\Admin\AppData\Local\Android\Sdk\platform-tools\adb.exe -P 5037 -s emulator-5554 shell pgrep -f \(\[\[:blank:\]\]\|\^\)io\.appium\.settings\(\[\[:blank:\]\]\|\$\)'
&amp#27;[38;5;80m[AndroidDriver]&amp#27;[0m io.appium.settings is already running. There is no need to reset its permissions.
&amp#27;[38;5;96m[Logcat]&amp#27;[0m Starting logs capture with command: C:\\Users\\Admin\\AppData\\Local\\Android\\Sdk\\platform-tools\\adb.exe -P 5037 -s emulator-5554 logcat -v threadtime
&amp#27;[38;5;32m[AndroidUiautomator2Driver@1d15 (6fec07b0)]&amp#27;[0m Forwarding UiAutomator2 Server port 6790 to local port 8200
&amp#27;[38;5;64m[ADB]&amp#27;[0m Forwarding system: 8200 to device: 6790
&amp#27;[38;5;64m[ADB]&amp#27;[0m Running 'C:\Users\Admin\AppData\Local\Android\Sdk\platform-tools\adb.exe -P 5037 -s emulator-5554 forward tcp:8200 tcp:6790'
&amp#27;[38;5;64m[ADB]&amp#27;[0m Checking app cert for C:\Users\Admin\.appium\node_modules\appium-uiautomator2-driver\node_modules\appium-uiautomator2-server\apks\appium-uiautomator2-server-v5.12.16.apk
&amp#27;[38;5;64m[ADB]&amp#27;[0m Checking app cert for C:\Users\Admin\.appium\node_modules\appium-uiautomator2-driver\node_modules\appium-uiautomator2-server\apks\appium-uiautomator2-server-debug-androidTest.apk
&amp#27;[38;5;64m[ADB]&amp#27;[0m Using 'apksigner.jar' from 'C:\Users\Admin\AppData\Local\Android\Sdk\build-tools\34.0.0\lib\apksigner.jar'
&amp#27;[38;5;64m[ADB]&amp#27;[0m Starting apksigner: C:\\Users\\Admin\\.jdks\\corretto-11.0.19\\bin\\java.exe -Xmx1024M -Xss1m -jar C:\\Users\\Admin\\AppData\\Local\\Android\\Sdk\\build-tools\\34.0.0\\lib\\apksigner.jar verify --print-certs C:\\Users\\Admin\\.appium\\node_modules\\appium-uiautomator2-driver\\node_modules\\appium-uiautomator2-server\\apks\\appium-uiautomator2-server-debug-androidTest.apk
&amp#27;[38;5;64m[ADB]&amp#27;[0m Starting apksigner: C:\\Users\\Admin\\.jdks\\corretto-11.0.19\\bin\\java.exe -Xmx1024M -Xss1m -jar C:\\Users\\Admin\\AppData\\Local\\Android\\Sdk\\build-tools\\34.0.0\\lib\\apksigner.jar verify --print-certs C:\\Users\\Admin\\.appium\\node_modules\\appium-uiautomator2-driver\\node_modules\\appium-uiautomator2-server\\apks\\appium-uiautomator2-server-v5.12.16.apk
&amp#27;[38;5;64m[ADB]&amp#27;[0m apksigner stdout: Signer #1 certificate DN: EMAILADDRESS=android@android.com, CN=Android, OU=Android, O=Android, L=Mountain View, ST=California, C=US
&amp#27;[38;5;64m[ADB]&amp#27;[0m Signer #1 certificate SHA-256 digest: a40da80a59d170caa950cf15c18c454d47a39b26989d8b640ecd745ba71bf5dc
&amp#27;[38;5;64m[ADB]&amp#27;[0m Signer #1 certificate SHA-1 digest: 61ed377e85d386a8dfee6b864bd85b0bfaa5af81
&amp#27;[38;5;64m[ADB]&amp#27;[0m Signer #1 certificate MD5 digest: e89b158e4bcf988ebd09eb83f5378e87
&amp#27;[38;5;64m[ADB]&amp#27;[0m 
&amp#27;[38;5;64m[ADB]&amp#27;[0m sha256 hash did match for 'appium-uiautomator2-server-debug-androidTest.apk'
&amp#27;[38;5;64m[ADB]&amp#27;[0m 'C:\Users\Admin\.appium\node_modules\appium-uiautomator2-driver\node_modules\appium-uiautomator2-server\apks\appium-uiautomator2-server-debug-androidTest.apk' is signed with the default certificate
&amp#27;[38;5;64m[ADB]&amp#27;[0m Getting install status for io.appium.uiautomator2.server.test
&amp#27;[38;5;64m[ADB]&amp#27;[0m Running 'C:\Users\Admin\AppData\Local\Android\Sdk\platform-tools\adb.exe -P 5037 -s emulator-5554 shell pm path io.appium.uiautomator2.server.test'
&amp#27;[38;5;64m[ADB]&amp#27;[0m 'io.appium.uiautomator2.server.test' is installed
&amp#27;[38;5;64m[ADB]&amp#27;[0m apksigner stdout: Signer #1 certificate DN: EMAILADDRESS=android@android.com, CN=Android, OU=Android, O=Android, L=Mountain View, ST=California, C=US
&amp#27;[38;5;64m[ADB]&amp#27;[0m Signer #1 certificate SHA-256 digest: a40da80a59d170caa950cf15c18c454d47a39b26989d8b640ecd745ba71bf5dc
&amp#27;[38;5;64m[ADB]&amp#27;[0m Signer #1 certificate SHA-1 digest: 61ed377e85d386a8dfee6b864bd85b0bfaa5af81
&amp#27;[38;5;64m[ADB]&amp#27;[0m Signer #1 certificate MD5 digest: e89b158e4bcf988ebd09eb83f5378e87
&amp#27;[38;5;64m[ADB]&amp#27;[0m 
&amp#27;[38;5;64m[ADB]&amp#27;[0m sha256 hash did match for 'appium-uiautomator2-server-v5.12.16.apk'
&amp#27;[38;5;64m[ADB]&amp#27;[0m 'C:\Users\Admin\.appium\node_modules\appium-uiautomator2-driver\node_modules\appium-uiautomator2-server\apks\appium-uiautomator2-server-v5.12.16.apk' is signed with the default certificate
&amp#27;[38;5;64m[ADB]&amp#27;[0m Getting package info for 'io.appium.uiautomator2.server'
&amp#27;[38;5;64m[ADB]&amp#27;[0m Running 'C:\Users\Admin\AppData\Local\Android\Sdk\platform-tools\adb.exe -P 5037 -s emulator-5554 shell dumpsys package io.appium.uiautomator2.server'
&amp#27;[38;5;64m[ADB]&amp#27;[0m The version name of the installed 'io.appium.uiautomator2.server' is greater or equal to the application version name ('5.12.16' >= '5.12.16')
&amp#27;[38;5;32m[AndroidUiautomator2Driver@1d15 (6fec07b0)]&amp#27;[0m Server packages status: [{"wasSigned":true,"installState":"sameVersionInstalled","appPath":"C:\\Users\\Admin\\.appium\\node_modules\\appium-uiautomator2-driver\\node_modules\\appium-uiautomator2-server\\apks\\appium-uiautomator2-server-v5.12.16.apk","appId":"io.appium.uiautomator2.server"},{"wasSigned":true,"installState":"sameVersionInstalled","appPath":"C:\\Users\\Admin\\.appium\\node_modules\\appium-uiautomator2-driver\\node_modules\\appium-uiautomator2-server\\apks\\appium-uiautomator2-server-debug-androidTest.apk","appId":"io.appium.uiautomator2.server.test"}]
&amp#27;[38;5;32m[AndroidUiautomator2Driver@1d15 (6fec07b0)]&amp#27;[0m Server packages are not going to be (re)installed
&amp#27;[38;5;32m[AndroidUiautomator2Driver@1d15 (6fec07b0)]&amp#27;[0m Waiting up to 30000ms for services to be available
&amp#27;[38;5;64m[ADB]&amp#27;[0m Running 'C:\Users\Admin\AppData\Local\Android\Sdk\platform-tools\adb.exe -P 5037 -s emulator-5554 shell pm list instrumentation'
&amp#27;[38;5;32m[AndroidUiautomator2Driver@1d15 (6fec07b0)]&amp#27;[0m Instrumentation target 'io.appium.uiautomator2.server.test/androidx.test.runner.AndroidJUnitRunner' is available
&amp#27;[38;5;64m[ADB]&amp#27;[0m Adding packages ["io.appium.settings","io.appium.uiautomator2.server","io.appium.uiautomator2.server.test"] to Doze whitelist
&amp#27;[38;5;64m[ADB]&amp#27;[0m Got the following command chunks to execute: [["dumpsys","deviceidle","whitelist","+io.appium.settings",";","dumpsys","deviceidle","whitelist","+io.appium.uiautomator2.server",";","dumpsys","deviceidle","whitelist","+io.appium.uiautomator2.server.test",";"]]
&amp#27;[38;5;64m[ADB]&amp#27;[0m Running 'C:\Users\Admin\AppData\Local\Android\Sdk\platform-tools\adb.exe -P 5037 -s emulator-5554 shell dumpsys deviceidle whitelist +io.appium.settings ; dumpsys deviceidle whitelist +io.appium.uiautomator2.server ; dumpsys deviceidle whitelist +io.appium.uiautomator2.server.test ;'
&amp#27;[38;5;64m[ADB]&amp#27;[0m Checking app cert for C:\techpro\CucumberProjeckt\Batch151CucumberProjectFrameworks 2\Batch151CucumberProjectFrameworks\Appium_Upskills_TestNGFramework\src\test\resources\General-Store.apk
&amp#27;[38;5;64m[ADB]&amp#27;[0m Starting apksigner: C:\\Users\\Admin\\.jdks\\corretto-11.0.19\\bin\\java.exe -Xmx1024M -Xss1m -jar C:\\Users\\Admin\\AppData\\Local\\Android\\Sdk\\build-tools\\34.0.0\\lib\\apksigner.jar verify --print-certs 'C:\\techpro\\CucumberProjeckt\\Batch151CucumberProjectFrameworks 2\\Batch151CucumberProjectFrameworks\\Appium_Upskills_TestNGFramework\\src\\test\\resources\\General-Store.apk'
&amp#27;[38;5;64m[ADB]&amp#27;[0m apksigner stdout: Signer #1 certificate DN: EMAILADDRESS=android@android.com, CN=Android, OU=Android, O=Android, L=Mountain View, ST=California, C=US
&amp#27;[38;5;64m[ADB]&amp#27;[0m Signer #1 certificate SHA-256 digest: a40da80a59d170caa950cf15c18c454d47a39b26989d8b640ecd745ba71bf5dc
&amp#27;[38;5;64m[ADB]&amp#27;[0m Signer #1 certificate SHA-1 digest: 61ed377e85d386a8dfee6b864bd85b0bfaa5af81
&amp#27;[38;5;64m[ADB]&amp#27;[0m Signer #1 certificate MD5 digest: e89b158e4bcf988ebd09eb83f5378e87
&amp#27;[38;5;64m[ADB]&amp#27;[0m 
&amp#27;[38;5;64m[ADB]&amp#27;[0m sha256 hash did match for 'General-Store.apk'
&amp#27;[38;5;64m[ADB]&amp#27;[0m 'C:\techpro\CucumberProjeckt\Batch151CucumberProjectFrameworks 2\Batch151CucumberProjectFrameworks\Appium_Upskills_TestNGFramework\src\test\resources\General-Store.apk' is signed with the default certificate
&amp#27;[38;5;64m[ADB]&amp#27;[0m Getting package info for 'com.androidsample.generalstore'
&amp#27;[38;5;64m[ADB]&amp#27;[0m Running 'C:\Users\Admin\AppData\Local\Android\Sdk\platform-tools\adb.exe -P 5037 -s emulator-5554 shell dumpsys package com.androidsample.generalstore'
&amp#27;[38;5;64m[ADB]&amp#27;[0m The version name of the installed 'com.androidsample.generalstore' is greater or equal to the application version name ('1.0.0' >= '1.0.0')
&amp#27;[38;5;64m[ADB]&amp#27;[0m There is no need to install/upgrade 'C:\techpro\CucumberProjeckt\Batch151CucumberProjectFrameworks 2\Batch151CucumberProjectFrameworks\Appium_Upskills_TestNGFramework\src\test\resources\General-Store.apk'
&amp#27;[38;5;80m[AndroidDriver]&amp#27;[0m Performing fast reset on 'com.androidsample.generalstore'
&amp#27;[38;5;64m[ADB]&amp#27;[0m Getting install status for com.androidsample.generalstore
&amp#27;[38;5;64m[ADB]&amp#27;[0m Running 'C:\Users\Admin\AppData\Local\Android\Sdk\platform-tools\adb.exe -P 5037 -s emulator-5554 shell pm path com.androidsample.generalstore'
&amp#27;[38;5;64m[ADB]&amp#27;[0m 'com.androidsample.generalstore' is installed
&amp#27;[38;5;64m[ADB]&amp#27;[0m Running 'C:\Users\Admin\AppData\Local\Android\Sdk\platform-tools\adb.exe -P 5037 -s emulator-5554 shell am force-stop com.androidsample.generalstore'
&amp#27;[38;5;64m[ADB]&amp#27;[0m Running 'C:\Users\Admin\AppData\Local\Android\Sdk\platform-tools\adb.exe -P 5037 -s emulator-5554 shell pm clear com.androidsample.generalstore'
&amp#27;[38;5;80m[AndroidDriver]&amp#27;[0m Performed fast reset on the installed 'com.androidsample.generalstore' application (stop and clear)
&amp#27;[38;5;32m[AndroidUiautomator2Driver@1d15 (6fec07b0)]&amp#27;[0m Performing shallow cleanup of automation leftovers
&amp#27;[38;5;32m[AndroidUiautomator2Driver@1d15 (6fec07b0)]&amp#27;[0m No obsolete sessions have been detected (socket hang up)
&amp#27;[38;5;64m[ADB]&amp#27;[0m Running 'C:\Users\Admin\AppData\Local\Android\Sdk\platform-tools\adb.exe -P 5037 -s emulator-5554 shell am force-stop io.appium.uiautomator2.server.test'
&amp#27;[38;5;32m[AndroidUiautomator2Driver@1d15 (6fec07b0)]&amp#27;[0m Starting UIAutomator2 server 5.12.16
&amp#27;[38;5;32m[AndroidUiautomator2Driver@1d15 (6fec07b0)]&amp#27;[0m Using UIAutomator2 server from 'C:\Users\Admin\.appium\node_modules\appium-uiautomator2-driver\node_modules\appium-uiautomator2-server\apks\appium-uiautomator2-server-v5.12.16.apk' and test from 'C:\Users\Admin\.appium\node_modules\appium-uiautomator2-driver\node_modules\appium-uiautomator2-server\apks\appium-uiautomator2-server-debug-androidTest.apk'
&amp#27;[38;5;32m[AndroidUiautomator2Driver@1d15 (6fec07b0)]&amp#27;[0m Waiting up to 30000ms for UiAutomator2 to be online...
&amp#27;[38;5;64m[ADB]&amp#27;[0m Creating ADB subprocess with args: ["-P","5037","-s","emulator-5554","shell","am","instrument","-w","-e","disableAnalytics","true","io.appium.uiautomator2.server.test/androidx.test.runner.AndroidJUnitRunner"]
&amp#27;[38;5;32m[AndroidUiautomator2Driver@1d15 (6fec07b0)]&amp#27;[0m Matched '/status' to command name 'getStatus'
&amp#27;[38;5;32m[AndroidUiautomator2Driver@1d15 (6fec07b0)]&amp#27;[0m Proxying [GET /status] to [GET http://127.0.0.1:8200/status] with no body
&amp#27;[38;5;32m[AndroidUiautomator2Driver@1d15 (6fec07b0)]&amp#27;[0m socket hang up
&amp#27;[38;5;32m[AndroidUiautomator2Driver@1d15 (6fec07b0)]&amp#27;[0m Matched '/status' to command name 'getStatus'
&amp#27;[38;5;32m[AndroidUiautomator2Driver@1d15 (6fec07b0)]&amp#27;[0m Proxying [GET /status] to [GET http://127.0.0.1:8200/status] with no body
&amp#27;[38;5;32m[AndroidUiautomator2Driver@1d15 (6fec07b0)]&amp#27;[0m socket hang up
&amp#27;[38;5;112m[Instrumentation]&amp#27;[0m io.appium.uiautomator2.server.test.AppiumUiAutomator2Server:
&amp#27;[38;5;32m[AndroidUiautomator2Driver@1d15 (6fec07b0)]&amp#27;[0m Matched '/status' to command name 'getStatus'
&amp#27;[38;5;32m[AndroidUiautomator2Driver@1d15 (6fec07b0)]&amp#27;[0m Proxying [GET /status] to [GET http://127.0.0.1:8200/status] with no body
&amp#27;[38;5;32m[AndroidUiautomator2Driver@1d15 (6fec07b0)]&amp#27;[0m socket hang up
&amp#27;[38;5;32m[AndroidUiautomator2Driver@1d15 (6fec07b0)]&amp#27;[0m Matched '/status' to command name 'getStatus'
&amp#27;[38;5;32m[AndroidUiautomator2Driver@1d15 (6fec07b0)]&amp#27;[0m Proxying [GET /status] to [GET http://127.0.0.1:8200/status] with no body
&amp#27;[38;5;32m[AndroidUiautomator2Driver@1d15 (6fec07b0)]&amp#27;[0m Got response with status 200: {"sessionId":"None","value":{"message":"UiAutomator2 Server is ready to accept commands","ready":true}}
&amp#27;[38;5;32m[AndroidUiautomator2Driver@1d15 (6fec07b0)]&amp#27;[0m The initialization of the instrumentation process took 3270ms
&amp#27;[38;5;32m[AndroidUiautomator2Driver@1d15 (6fec07b0)]&amp#27;[0m Matched '/session' to command name 'createSession'
&amp#27;[38;5;32m[AndroidUiautomator2Driver@1d15 (6fec07b0)]&amp#27;[0m Proxying [POST /session] to [POST http://127.0.0.1:8200/session] with body: {"capabilities":{"firstMatch":[{"platformName":"ANDROID","app":"C:\\techpro\\CucumberProjeckt\\Batch151CucumberProjectFrameworks 2\\Batch151CucumberProjectFrameworks\\Appium_Upskills_TestNGFramework\\src\\test\\resources\\General-Store.apk","automationName":"UIAutomator2","platform":"LINUX","webStorageEnabled":false,"takesScreenshot":true,"javascriptEnabled":true,"databaseEnabled":false,"networkConnectionEnabled":true,"locationContextEnabled":false,"warnings":{},"desired":{"platformName":"ANDROID","app":"C:\\techpro\\CucumberProjeckt\\Batch151CucumberProjectFrameworks 2\\Batch151CucumberProjectFrameworks\\Appium_Upskills_TestNGFramework\\src\\test\\resources\\General-Store.apk","automationName":"UIAutomator2"},"deviceName":"emulator-5554","deviceUDID":"emulator-5554","appPackage":"com.androidsample.generalstore"}],"alwaysMatch":{}}}
&amp#27;[38;5;32m[AndroidUiautomator2Driver@1d15 (6fec07b0)]&amp#27;[0m Got response with status 200: {"sessionId":"939e0c78-6934-4741-92bf-e102c6e141c2","value":{"capabilities":{"firstMatch":[{"platformName":"ANDROID","app":"C:\\techpro\\CucumberProjeckt\\Batch151CucumberProjectFrameworks 2\\Batch151CucumberProjectFrameworks\\Appium_Upskills_TestNGFramework\\src\\test\\resources\\General-Store.apk","automationName":"UIAutomator2","platform":"LINUX","webStorageEnabled":false,"takesScreenshot":true,"javascriptEnabled":true,"databaseEnabled":false,"networkConnectionEnabled":true,"locationContextEnabled":false,"warnings":{},"desired":{"platformName":"ANDROID","app":"C:\\techpro\\CucumberProjeckt\\Batch151CucumberProjectFrameworks 2\\Batch151CucumberProjectFrameworks\\Appium_Upskills_TestNGFramework\\src\\test\\resources\\General-Store.apk","automationName":"UIAutomator2"},"deviceName":"emulator-5554","deviceUDID":"emulator-5554","appPackage":"com.androidsample.generalstore"}],"alwaysMatch":{}},"sessionId":"939e0c78-6934-4741-92bf-e102c6e141c2"}}
&amp#27;[38;5;32m[AndroidUiautomator2Driver@1d15 (6fec07b0)]&amp#27;[0m Determined the downstream protocol as 'W3C'
&amp#27;[38;5;32m[AndroidUiautomator2Driver@1d15 (6fec07b0)]&amp#27;[0m Proxying [GET /appium/device/pixel_ratio] to [GET http://127.0.0.1:8200/session/939e0c78-6934-4741-92bf-e102c6e141c2/appium/device/pixel_ratio] with no body
&amp#27;[38;5;32m[AndroidUiautomator2Driver@1d15 (6fec07b0)]&amp#27;[0m Matched '/appium/device/system_bars' to command name 'getSystemBars'
&amp#27;[38;5;32m[AndroidUiautomator2Driver@1d15 (6fec07b0)]&amp#27;[0m Proxying [GET /appium/device/system_bars] to [GET http://127.0.0.1:8200/session/939e0c78-6934-4741-92bf-e102c6e141c2/appium/device/system_bars] with no body
&amp#27;[38;5;32m[AndroidUiautomator2Driver@1d15 (6fec07b0)]&amp#27;[0m Matched '/window/current/size' to command name 'getWindowSize'
&amp#27;[38;5;32m[AndroidUiautomator2Driver@1d15 (6fec07b0)]&amp#27;[0m Proxying [GET /window/current/size] to [GET http://127.0.0.1:8200/session/939e0c78-6934-4741-92bf-e102c6e141c2/window/current/size] with no body
&amp#27;[38;5;32m[AndroidUiautomator2Driver@1d15 (6fec07b0)]&amp#27;[0m Proxying [GET /appium/device/info] to [GET http://127.0.0.1:8200/session/939e0c78-6934-4741-92bf-e102c6e141c2/appium/device/info] with no body
&amp#27;[38;5;64m[ADB]&amp#27;[0m Running 'C:\Users\Admin\AppData\Local\Android\Sdk\platform-tools\adb.exe -P 5037 -s emulator-5554 shell dumpsys window'
&amp#27;[38;5;32m[AndroidUiautomator2Driver@1d15 (6fec07b0)]&amp#27;[0m Got response with status 200: {"sessionId":"939e0c78-6934-4741-92bf-e102c6e141c2","value":3.5}
&amp#27;[38;5;32m[AndroidUiautomator2Driver@1d15 (6fec07b0)]&amp#27;[0m Got response with status 200: {"sessionId":"939e0c78-6934-4741-92bf-e102c6e141c2","value":{"statusBar":84}}
&amp#27;[38;5;32m[AndroidUiautomator2Driver@1d15 (6fec07b0)]&amp#27;[0m Got response with status 200: {"sessionId":"939e0c78-6934-4741-92bf-e102c6e141c2","value":{"height":2952,"width":1440}}
&amp#27;[38;5;32m[AndroidUiautomator2Driver@1d15 (6fec07b0)]&amp#27;[0m Got response with status 200: {"sessionId":"939e0c78-6934-4741-92bf-e102c6e141c2","value":{"androidId":"96454d8ed2fe6ec8","apiVersion":"29","bluetooth":null,"brand":"google","carrierName":"Android","displayDensity":560,"locale":"en_US","manufacturer":"Google","model":"Android SDK built for x86","networks":[{"capabilities":{"SSID":null,"linkDownBandwidthKbps":102400,"linkUpstreamBandwidthKbps":51200,"networkCapabilities":"NET_CAPABILITY_MMS,NET_CAPABILITY_SUPL,NET_CAPABILITY_DUN,NET_CAPABILITY_FOTA,NET_CAPABILITY_IMS,NET_CAPABILITY_CBS,NET_CAPABILITY_INTERNET,NET_CAPABILITY_NOT_RESTRICTED,NET_CAPABILITY_TRUSTED,NET_CAPABILITY_NOT_VPN,NET_CAPABILITY_VALIDATED,NET_CAPABILITY_NOT_ROAMING,NET_CAPABILITY_NOT_CONGESTED,NET_CAPABILITY_NOT_SUSPENDED","signalStrength":-2147483648,"transportTypes":"TRANSPORT_CELLULAR"},"detailedState":"CONNECTED","extraInfo":"epc.tmobile.com","isAvailable":true,"isConnected":true,"isFailover":false,"isRoaming":false,"state":"CONNECTED","subtype":13,"subtypeName":"LTE","type":0,"typeName":"MOBILE"},{"capabilities"...
&amp#27;[38;5;80m[AndroidDriver]&amp#27;[0m Screen already unlocked, doing nothing
&amp#27;[38;5;32m[AndroidUiautomator2Driver@1d15 (6fec07b0)]&amp#27;[0m Starting 'com.androidsample.generalstore/com.androidsample.generalstore.SplashActivity and waiting for 'com.androidsample.generalstore/com.androidsample.generalstore.SplashActivity'
&amp#27;[38;5;64m[ADB]&amp#27;[0m Running 'C:\Users\Admin\AppData\Local\Android\Sdk\platform-tools\adb.exe -P 5037 -s emulator-5554 shell am start -W -n com.androidsample.generalstore/com.androidsample.generalstore.SplashActivity -S -a android.intent.action.MAIN -c android.intent.category.LAUNCHER -f 0x10200000'
&amp#27;[38;5;64m[ADB]&amp#27;[0m Waiting up to 20000ms for activity matching pkg: 'com.androidsample.generalstore' and activity: 'com.androidsample.generalstore.SplashActivity' to be focused
&amp#27;[38;5;64m[ADB]&amp#27;[0m Possible activities, to be checked: 'com.androidsample.generalstore.SplashActivity', 'com.androidsample.generalstore.com.androidsample.generalstore.SplashActivity'
&amp#27;[38;5;64m[ADB]&amp#27;[0m Getting focused package and activity
&amp#27;[38;5;64m[ADB]&amp#27;[0m Running 'C:\Users\Admin\AppData\Local\Android\Sdk\platform-tools\adb.exe -P 5037 -s emulator-5554 shell dumpsys window displays'
&amp#27;[38;5;64m[ADB]&amp#27;[0m Found package: 'com.androidsample.generalstore' and fully qualified activity name : 'com.androidsample.generalstore.SplashActivity'
&amp#27;[38;5;16m[AppiumDriver@049a]&amp#27;[0m New AndroidUiautomator2Driver session created successfully, session 6fec07b0-7d23-4a01-828e-a389cf99e4ab added to master session list
&amp#27;[38;5;16m[AppiumDriver@049a]&amp#27;[0m Event 'newSessionStarted' logged at 1702669261838 (20:41:01 GMT+0100 (MitteleuropÃ¤ische Normalzeit))
&amp#27;[38;5;32m[AndroidUiautomator2Driver@1d15 (6fec07b0)]&amp#27;[0m Cached the protocol value 'W3C' for the new session 6fec07b0-7d23-4a01-828e-a389cf99e4ab
&amp#27;[38;5;32m[AndroidUiautomator2Driver@1d15 (6fec07b0)]&amp#27;[0m Responding to client with driver.createSession() result: {"capabilities":{"platformName":"ANDROID","app":"C:\\techpro\\CucumberProjeckt\\Batch151CucumberProjectFrameworks 2\\Batch151CucumberProjectFrameworks\\Appium_Upskills_TestNGFramework\\src\\test\\resources\\General-Store.apk","automationName":"UIAutomator2","platform":"LINUX","webStorageEnabled":false,"takesScreenshot":true,"javascriptEnabled":true,"databaseEnabled":false,"networkConnectionEnabled":true,"locationContextEnabled":false,"warnings":{},"desired":{"platformName":"ANDROID","app":"C:\\techpro\\CucumberProjeckt\\Batch151CucumberProjectFrameworks 2\\Batch151CucumberProjectFrameworks\\Appium_Upskills_TestNGFramework\\src\\test\\resources\\General-Store.apk","automationName":"UIAutomator2"},"deviceName":"emulator-5554","deviceUDID":"emulator-5554","appPackage":"com.androidsample.generalstore","pixelRatio":"3.5","statBarHeight":84,"viewportRect":{"left":0,"top":84,"width":1440,"height":2868},"deviceApiLevel":29,"platformVersion":"10","deviceManufacturer":"Google","deviceModel":"Android SDK built for x8...
&amp#27;[38;5;0m[HTTP]&amp#27;[0m &amp#27;[37m<-- POST /session &amp#27;[39m&amp#27;[32m200&amp#27;[39m &amp#27;[90m11071 ms - 1143&amp#27;[39m
&amp#27;[38;5;0m[HTTP]&amp#27;[0m &amp#27;[90m&amp#27;[39m
&amp#27;[38;5;0m[HTTP]&amp#27;[0m &amp#27;[37m-->&amp#27;[39m &amp#27;[37mPOST&amp#27;[39m &amp#27;[37m/session/6fec07b0-7d23-4a01-828e-a389cf99e4ab/timeouts&amp#27;[39m
&amp#27;[38;5;0m[HTTP]&amp#27;[0m &amp#27;[90m{"implicit":10000}&amp#27;[39m
&amp#27;[38;5;32m[AndroidUiautomator2Driver@1d15 (6fec07b0)]&amp#27;[0m Calling AppiumDriver.timeouts() with args: [null,null,null,null,10000,"6fec07b0-7d23-4a01-828e-a389cf99e4ab"]
&amp#27;[38;5;32m[AndroidUiautomator2Driver@1d15 (6fec07b0)]&amp#27;[0m W3C timeout argument: {"implicit":10000}}
&amp#27;[38;5;32m[AndroidUiautomator2Driver@1d15 (6fec07b0)]&amp#27;[0m Set implicit wait to 10000ms
&amp#27;[38;5;32m[AndroidUiautomator2Driver@1d15 (6fec07b0)]&amp#27;[0m Responding to client with driver.timeouts() result: null
&amp#27;[38;5;0m[HTTP]&amp#27;[0m &amp#27;[37m<-- POST /session/6fec07b0-7d23-4a01-828e-a389cf99e4ab/timeouts &amp#27;[39m&amp#27;[32m200&amp#27;[39m &amp#27;[90m6 ms - 14&amp#27;[39m
&amp#27;[38;5;0m[HTTP]&amp#27;[0m &amp#27;[90m&amp#27;[39m
&amp#27;[38;5;0m[HTTP]&amp#27;[0m &amp#27;[37m-->&amp#27;[39m &amp#27;[37mGET&amp#27;[39m &amp#27;[37m/session/6fec07b0-7d23-4a01-828e-a389cf99e4ab/context&amp#27;[39m
&amp#27;[38;5;0m[HTTP]&amp#27;[0m &amp#27;[90m{}&amp#27;[39m
&amp#27;[38;5;32m[AndroidUiautomator2Driver@1d15 (6fec07b0)]&amp#27;[0m Calling AppiumDriver.getCurrentContext() with args: ["6fec07b0-7d23-4a01-828e-a389cf99e4ab"]
&amp#27;[38;5;32m[AndroidUiautomator2Driver@1d15 (6fec07b0)]&amp#27;[0m Responding to client with driver.getCurrentContext() result: "NATIVE_APP"
&amp#27;[38;5;0m[HTTP]&amp#27;[0m &amp#27;[37m<-- GET /session/6fec07b0-7d23-4a01-828e-a389cf99e4ab/context &amp#27;[39m&amp#27;[32m200&amp#27;[39m &amp#27;[90m8 ms - 22&amp#27;[39m
&amp#27;[38;5;0m[HTTP]&amp#27;[0m &amp#27;[90m&amp#27;[39m
&amp#27;[38;5;0m[HTTP]&amp#27;[0m &amp#27;[37m-->&amp#27;[39m &amp#27;[37mPOST&amp#27;[39m &amp#27;[37m/session/6fec07b0-7d23-4a01-828e-a389cf99e4ab/element&amp#27;[39m
&amp#27;[38;5;0m[HTTP]&amp#27;[0m &amp#27;[90m{"using":"id","value":"com.androidsample.generalstore:id/spinnerCountry"}&amp#27;[39m
&amp#27;[38;5;32m[AndroidUiautomator2Driver@1d15 (6fec07b0)]&amp#27;[0m Calling AppiumDriver.findElement() with args: ["id","com.androidsample.generalstore:id/spinnerCountry","6fec07b0-7d23-4a01-828e-a389cf99e4ab"]
&amp#27;[38;5;32m[AndroidUiautomator2Driver@1d15 (6fec07b0)]&amp#27;[0m Valid locator strategies for this request: xpath, id, class name, accessibility id, css selector, -android uiautomator
&amp#27;[38;5;32m[AndroidUiautomator2Driver@1d15 (6fec07b0)]&amp#27;[0m Waiting up to 10000 ms for condition
&amp#27;[38;5;32m[AndroidUiautomator2Driver@1d15 (6fec07b0)]&amp#27;[0m Matched '/element' to command name 'findElement'
&amp#27;[38;5;32m[AndroidUiautomator2Driver@1d15 (6fec07b0)]&amp#27;[0m Proxying [POST /element] to [POST http://127.0.0.1:8200/session/939e0c78-6934-4741-92bf-e102c6e141c2/element] with body: {"strategy":"id","selector":"com.androidsample.generalstore:id/spinnerCountry","context":"","multiple":false}
&amp#27;[38;5;32m[AndroidUiautomator2Driver@1d15 (6fec07b0)]&amp#27;[0m Got response with status 404: {"sessionId":"939e0c78-6934-4741-92bf-e102c6e141c2","value":{"error":"no such element","message":"An element could not be located on the page using the given search parameters","stacktrace":"io.appium.uiautomator2.common.exceptions.ElementNotFoundException: An element could not be located on the page using the given search parameters\n\tat io.appium.uiautomator2.handler.FindElement.safeHandle(FindElement.java:63)\n\tat io.appium.uiautomator2.handler.request.SafeRequestHandler.handle(SafeRequestHandler.java:59)\n\tat io.appium.uiautomator2.server.AppiumServlet.handleRequest(AppiumServlet.java:277)\n\tat io.appium.uiautomator2.server.AppiumServlet.handleHttpRequest(AppiumServlet.java:271)\n\tat io.appium.uiautomator2.http.ServerHandler.channelRead(ServerHandler.java:77)\n\tat io.netty.channel.AbstractChannelHandlerContext.invokeChannelRead(AbstractChannelHandlerContext.java:366)\n\tat io.netty.channel.AbstractChannelHandlerContext.invokeChannelRead(AbstractChannelHandlerContext.java:352)\n\tat io.netty.chann...
&amp#27;[38;5;128m[W3C]&amp#27;[0m Matched W3C error code 'no such element' to NoSuchElementError
&amp#27;[38;5;32m[AndroidUiautomator2Driver@1d15 (6fec07b0)]&amp#27;[0m Waited for 112 ms so far
&amp#27;[38;5;32m[AndroidUiautomator2Driver@1d15 (6fec07b0)]&amp#27;[0m Matched '/element' to command name 'findElement'
&amp#27;[38;5;32m[AndroidUiautomator2Driver@1d15 (6fec07b0)]&amp#27;[0m Proxying [POST /element] to [POST http://127.0.0.1:8200/session/939e0c78-6934-4741-92bf-e102c6e141c2/element] with body: {"strategy":"id","selector":"com.androidsample.generalstore:id/spinnerCountry","context":"","multiple":false}
&amp#27;[38;5;32m[AndroidUiautomator2Driver@1d15 (6fec07b0)]&amp#27;[0m Got response with status 200: {"sessionId":"939e0c78-6934-4741-92bf-e102c6e141c2","value":{"ELEMENT":"00000000-0000-0242-ffff-ffff0000001a","element-6066-11e4-a52e-4f735466cecf":"00000000-0000-0242-ffff-ffff0000001a"}}
&amp#27;[38;5;32m[AndroidUiautomator2Driver@1d15 (6fec07b0)]&amp#27;[0m Responding to client with driver.findElement() result: {"element-6066-11e4-a52e-4f735466cecf":"00000000-0000-0242-ffff-ffff0000001a","ELEMENT":"00000000-0000-0242-ffff-ffff0000001a"}
&amp#27;[38;5;0m[HTTP]&amp#27;[0m &amp#27;[37m<-- POST /session/6fec07b0-7d23-4a01-828e-a389cf99e4ab/element &amp#27;[39m&amp#27;[32m200&amp#27;[39m &amp#27;[90m1511 ms - 137&amp#27;[39m
&amp#27;[38;5;0m[HTTP]&amp#27;[0m &amp#27;[90m&amp#27;[39m
&amp#27;[38;5;0m[HTTP]&amp#27;[0m &amp#27;[37m-->&amp#27;[39m &amp#27;[37mPOST&amp#27;[39m &amp#27;[37m/session/6fec07b0-7d23-4a01-828e-a389cf99e4ab/element/00000000-0000-0242-ffff-ffff0000001a/click&amp#27;[39m
&amp#27;[38;5;0m[HTTP]&amp#27;[0m &amp#27;[90m{"id":"00000000-0000-0242-ffff-ffff0000001a"}&amp#27;[39m
&amp#27;[38;5;32m[AndroidUiautomator2Driver@1d15 (6fec07b0)]&amp#27;[0m Calling AppiumDriver.click() with args: ["00000000-0000-0242-ffff-ffff0000001a","6fec07b0-7d23-4a01-828e-a389cf99e4ab"]
&amp#27;[38;5;32m[AndroidUiautomator2Driver@1d15 (6fec07b0)]&amp#27;[0m Matched '/element/00000000-0000-0242-ffff-ffff0000001a/click' to command name 'click'
&amp#27;[38;5;32m[AndroidUiautomator2Driver@1d15 (6fec07b0)]&amp#27;[0m Proxying [POST /element/00000000-0000-0242-ffff-ffff0000001a/click] to [POST http://127.0.0.1:8200/session/939e0c78-6934-4741-92bf-e102c6e141c2/element/00000000-0000-0242-ffff-ffff0000001a/click] with body: {"element":"00000000-0000-0242-ffff-ffff0000001a"}
&amp#27;[38;5;32m[AndroidUiautomator2Driver@1d15 (6fec07b0)]&amp#27;[0m Got response with status 200: {"sessionId":"939e0c78-6934-4741-92bf-e102c6e141c2","value":null}
&amp#27;[38;5;32m[AndroidUiautomator2Driver@1d15 (6fec07b0)]&amp#27;[0m Responding to client with driver.click() result: null
&amp#27;[38;5;0m[HTTP]&amp#27;[0m &amp#27;[37m<-- POST /session/6fec07b0-7d23-4a01-828e-a389cf99e4ab/element/00000000-0000-0242-ffff-ffff0000001a/click &amp#27;[39m&amp#27;[32m200&amp#27;[39m &amp#27;[90m119 ms - 14&amp#27;[39m
&amp#27;[38;5;0m[HTTP]&amp#27;[0m &amp#27;[90m&amp#27;[39m
&amp#27;[38;5;0m[HTTP]&amp#27;[0m &amp#27;[37m-->&amp#27;[39m &amp#27;[37mPOST&amp#27;[39m &amp#27;[37m/session/6fec07b0-7d23-4a01-828e-a389cf99e4ab/element&amp#27;[39m
&amp#27;[38;5;0m[HTTP]&amp#27;[0m &amp#27;[90m{"using":"-android uiautomator","value":"new UiScrollable(new UiSelector()).scrollIntoView(text(\"Austria\"))"}&amp#27;[39m
&amp#27;[38;5;32m[AndroidUiautomator2Driver@1d15 (6fec07b0)]&amp#27;[0m Calling AppiumDriver.findElement() with args: ["-android uiautomator","new UiScrollable(new UiSelector()).scrollIntoView(text(\"Austria\"))","6fec07b0-7d23-4a01-828e-a389cf99e4ab"]
&amp#27;[38;5;32m[AndroidUiautomator2Driver@1d15 (6fec07b0)]&amp#27;[0m Valid locator strategies for this request: xpath, id, class name, accessibility id, css selector, -android uiautomator
&amp#27;[38;5;32m[AndroidUiautomator2Driver@1d15 (6fec07b0)]&amp#27;[0m Waiting up to 10000 ms for condition
&amp#27;[38;5;32m[AndroidUiautomator2Driver@1d15 (6fec07b0)]&amp#27;[0m Matched '/element' to command name 'findElement'
&amp#27;[38;5;32m[AndroidUiautomator2Driver@1d15 (6fec07b0)]&amp#27;[0m Proxying [POST /element] to [POST http://127.0.0.1:8200/session/939e0c78-6934-4741-92bf-e102c6e141c2/element] with body: {"strategy":"-android uiautomator","selector":"new UiScrollable(new UiSelector()).scrollIntoView(text(\"Austria\"))","context":"","multiple":false}
&amp#27;[38;5;32m[AndroidUiautomator2Driver@1d15 (6fec07b0)]&amp#27;[0m Got response with status 200: {"sessionId":"939e0c78-6934-4741-92bf-e102c6e141c2","value":{"ELEMENT":"00000000-0000-0243-ffff-ffff0000002b","element-6066-11e4-a52e-4f735466cecf":"00000000-0000-0243-ffff-ffff0000002b"}}
&amp#27;[38;5;32m[AndroidUiautomator2Driver@1d15 (6fec07b0)]&amp#27;[0m Responding to client with driver.findElement() result: {"element-6066-11e4-a52e-4f735466cecf":"00000000-0000-0243-ffff-ffff0000002b","ELEMENT":"00000000-0000-0243-ffff-ffff0000002b"}
&amp#27;[38;5;0m[HTTP]&amp#27;[0m &amp#27;[37m<-- POST /session/6fec07b0-7d23-4a01-828e-a389cf99e4ab/element &amp#27;[39m&amp#27;[32m200&amp#27;[39m &amp#27;[90m5514 ms - 137&amp#27;[39m
&amp#27;[38;5;0m[HTTP]&amp#27;[0m &amp#27;[90m&amp#27;[39m
&amp#27;[38;5;0m[HTTP]&amp#27;[0m &amp#27;[37m-->&amp#27;[39m &amp#27;[37mPOST&amp#27;[39m &amp#27;[37m/session/6fec07b0-7d23-4a01-828e-a389cf99e4ab/element&amp#27;[39m
&amp#27;[38;5;0m[HTTP]&amp#27;[0m &amp#27;[90m{"using":"xpath","value":"//android.widget.TextView[@text=\"Austria\"]"}&amp#27;[39m
&amp#27;[38;5;32m[AndroidUiautomator2Driver@1d15 (6fec07b0)]&amp#27;[0m Calling AppiumDriver.findElement() with args: ["xpath","//android.widget.TextView[@text=\"Austria\"]","6fec07b0-7d23-4a01-828e-a389cf99e4ab"]
&amp#27;[38;5;32m[AndroidUiautomator2Driver@1d15 (6fec07b0)]&amp#27;[0m Valid locator strategies for this request: xpath, id, class name, accessibility id, css selector, -android uiautomator
&amp#27;[38;5;32m[AndroidUiautomator2Driver@1d15 (6fec07b0)]&amp#27;[0m Waiting up to 10000 ms for condition
&amp#27;[38;5;32m[AndroidUiautomator2Driver@1d15 (6fec07b0)]&amp#27;[0m Matched '/element' to command name 'findElement'
&amp#27;[38;5;32m[AndroidUiautomator2Driver@1d15 (6fec07b0)]&amp#27;[0m Proxying [POST /element] to [POST http://127.0.0.1:8200/session/939e0c78-6934-4741-92bf-e102c6e141c2/element] with body: {"strategy":"xpath","selector":"//android.widget.TextView[@text=\"Austria\"]","context":"","multiple":false}
&amp#27;[38;5;32m[AndroidUiautomator2Driver@1d15 (6fec07b0)]&amp#27;[0m Got response with status 200: {"sessionId":"939e0c78-6934-4741-92bf-e102c6e141c2","value":{"ELEMENT":"00000000-0000-0243-ffff-ffff0000002b","element-6066-11e4-a52e-4f735466cecf":"00000000-0000-0243-ffff-ffff0000002b"}}
&amp#27;[38;5;32m[AndroidUiautomator2Driver@1d15 (6fec07b0)]&amp#27;[0m Responding to client with driver.findElement() result: {"element-6066-11e4-a52e-4f735466cecf":"00000000-0000-0243-ffff-ffff0000002b","ELEMENT":"00000000-0000-0243-ffff-ffff0000002b"}
&amp#27;[38;5;0m[HTTP]&amp#27;[0m &amp#27;[37m<-- POST /session/6fec07b0-7d23-4a01-828e-a389cf99e4ab/element &amp#27;[39m&amp#27;[32m200&amp#27;[39m &amp#27;[90m727 ms - 137&amp#27;[39m
&amp#27;[38;5;0m[HTTP]&amp#27;[0m &amp#27;[90m&amp#27;[39m
&amp#27;[38;5;0m[HTTP]&amp#27;[0m &amp#27;[37m-->&amp#27;[39m &amp#27;[37mPOST&amp#27;[39m &amp#27;[37m/session/6fec07b0-7d23-4a01-828e-a389cf99e4ab/element/00000000-0000-0243-ffff-ffff0000002b/click&amp#27;[39m
&amp#27;[38;5;0m[HTTP]&amp#27;[0m &amp#27;[90m{"id":"00000000-0000-0243-ffff-ffff0000002b"}&amp#27;[39m
&amp#27;[38;5;32m[AndroidUiautomator2Driver@1d15 (6fec07b0)]&amp#27;[0m Calling AppiumDriver.click() with args: ["00000000-0000-0243-ffff-ffff0000002b","6fec07b0-7d23-4a01-828e-a389cf99e4ab"]
&amp#27;[38;5;32m[AndroidUiautomator2Driver@1d15 (6fec07b0)]&amp#27;[0m Matched '/element/00000000-0000-0243-ffff-ffff0000002b/click' to command name 'click'
&amp#27;[38;5;32m[AndroidUiautomator2Driver@1d15 (6fec07b0)]&amp#27;[0m Proxying [POST /element/00000000-0000-0243-ffff-ffff0000002b/click] to [POST http://127.0.0.1:8200/session/939e0c78-6934-4741-92bf-e102c6e141c2/element/00000000-0000-0243-ffff-ffff0000002b/click] with body: {"element":"00000000-0000-0243-ffff-ffff0000002b"}
&amp#27;[38;5;32m[AndroidUiautomator2Driver@1d15 (6fec07b0)]&amp#27;[0m Got response with status 200: {"sessionId":"939e0c78-6934-4741-92bf-e102c6e141c2","value":null}
&amp#27;[38;5;32m[AndroidUiautomator2Driver@1d15 (6fec07b0)]&amp#27;[0m Responding to client with driver.click() result: null
&amp#27;[38;5;0m[HTTP]&amp#27;[0m &amp#27;[37m<-- POST /session/6fec07b0-7d23-4a01-828e-a389cf99e4ab/element/00000000-0000-0243-ffff-ffff0000002b/click &amp#27;[39m&amp#27;[32m200&amp#27;[39m &amp#27;[90m794 ms - 14&amp#27;[39m
&amp#27;[38;5;0m[HTTP]&amp#27;[0m &amp#27;[90m&amp#27;[39m
&amp#27;[38;5;0m[HTTP]&amp#27;[0m &amp#27;[37m-->&amp#27;[39m &amp#27;[37mGET&amp#27;[39m &amp#27;[37m/session/6fec07b0-7d23-4a01-828e-a389cf99e4ab/context&amp#27;[39m
&amp#27;[38;5;0m[HTTP]&amp#27;[0m &amp#27;[90m{}&amp#27;[39m
&amp#27;[38;5;32m[AndroidUiautomator2Driver@1d15 (6fec07b0)]&amp#27;[0m Calling AppiumDriver.getCurrentContext() with args: ["6fec07b0-7d23-4a01-828e-a389cf99e4ab"]
&amp#27;[38;5;32m[AndroidUiautomator2Driver@1d15 (6fec07b0)]&amp#27;[0m Responding to client with driver.getCurrentContext() result: "NATIVE_APP"
&amp#27;[38;5;0m[HTTP]&amp#27;[0m &amp#27;[37m<-- GET /session/6fec07b0-7d23-4a01-828e-a389cf99e4ab/context &amp#27;[39m&amp#27;[32m200&amp#27;[39m &amp#27;[90m5 ms - 22&amp#27;[39m
&amp#27;[38;5;0m[HTTP]&amp#27;[0m &amp#27;[90m&amp#27;[39m
&amp#27;[38;5;0m[HTTP]&amp#27;[0m &amp#27;[37m-->&amp#27;[39m &amp#27;[37mPOST&amp#27;[39m &amp#27;[37m/session/6fec07b0-7d23-4a01-828e-a389cf99e4ab/element&amp#27;[39m
&amp#27;[38;5;0m[HTTP]&amp#27;[0m &amp#27;[90m{"using":"id","value":"com.androidsample.generalstore:id/nameField"}&amp#27;[39m
&amp#27;[38;5;32m[AndroidUiautomator2Driver@1d15 (6fec07b0)]&amp#27;[0m Calling AppiumDriver.findElement() with args: ["id","com.androidsample.generalstore:id/nameField","6fec07b0-7d23-4a01-828e-a389cf99e4ab"]
&amp#27;[38;5;32m[AndroidUiautomator2Driver@1d15 (6fec07b0)]&amp#27;[0m Valid locator strategies for this request: xpath, id, class name, accessibility id, css selector, -android uiautomator
&amp#27;[38;5;32m[AndroidUiautomator2Driver@1d15 (6fec07b0)]&amp#27;[0m Waiting up to 10000 ms for condition
&amp#27;[38;5;32m[AndroidUiautomator2Driver@1d15 (6fec07b0)]&amp#27;[0m Matched '/element' to command name 'findElement'
&amp#27;[38;5;32m[AndroidUiautomator2Driver@1d15 (6fec07b0)]&amp#27;[0m Proxying [POST /element] to [POST http://127.0.0.1:8200/session/939e0c78-6934-4741-92bf-e102c6e141c2/element] with body: {"strategy":"id","selector":"com.androidsample.generalstore:id/nameField","context":"","multiple":false}
&amp#27;[38;5;32m[AndroidUiautomator2Driver@1d15 (6fec07b0)]&amp#27;[0m Got response with status 200: {"sessionId":"939e0c78-6934-4741-92bf-e102c6e141c2","value":{"ELEMENT":"00000000-0000-0242-ffff-ffff0000001c","element-6066-11e4-a52e-4f735466cecf":"00000000-0000-0242-ffff-ffff0000001c"}}
&amp#27;[38;5;32m[AndroidUiautomator2Driver@1d15 (6fec07b0)]&amp#27;[0m Responding to client with driver.findElement() result: {"element-6066-11e4-a52e-4f735466cecf":"00000000-0000-0242-ffff-ffff0000001c","ELEMENT":"00000000-0000-0242-ffff-ffff0000001c"}
&amp#27;[38;5;0m[HTTP]&amp#27;[0m &amp#27;[37m<-- POST /session/6fec07b0-7d23-4a01-828e-a389cf99e4ab/element &amp#27;[39m&amp#27;[32m200&amp#27;[39m &amp#27;[90m35 ms - 137&amp#27;[39m
&amp#27;[38;5;0m[HTTP]&amp#27;[0m &amp#27;[90m&amp#27;[39m
&amp#27;[38;5;0m[HTTP]&amp#27;[0m &amp#27;[37m-->&amp#27;[39m &amp#27;[37mPOST&amp#27;[39m &amp#27;[37m/session/6fec07b0-7d23-4a01-828e-a389cf99e4ab/element/00000000-0000-0242-ffff-ffff0000001c/value&amp#27;[39m
&amp#27;[38;5;0m[HTTP]&amp#27;[0m &amp#27;[90m{"id":"00000000-0000-0242-ffff-ffff0000001c","text":"Safinaz","value":["S","a","f","i","n","a","z"]}&amp#27;[39m
&amp#27;[38;5;32m[AndroidUiautomator2Driver@1d15 (6fec07b0)]&amp#27;[0m Calling AppiumDriver.setValue() with args: [["S","a","f","i","n","a","z"],"00000000-0000-0242-ffff-ffff0000001c","6fec07b0-7d23-4a01-828e-a389cf99e4ab"]
&amp#27;[38;5;32m[AndroidUiautomator2Driver@1d15 (6fec07b0)]&amp#27;[0m Matched '/element/00000000-0000-0242-ffff-ffff0000001c/value' to command name 'setValue'
&amp#27;[38;5;32m[AndroidUiautomator2Driver@1d15 (6fec07b0)]&amp#27;[0m Added 'value' property ["S","a","f","i","n","a","z"] to 'setValue' request body
&amp#27;[38;5;32m[AndroidUiautomator2Driver@1d15 (6fec07b0)]&amp#27;[0m Proxying [POST /element/00000000-0000-0242-ffff-ffff0000001c/value] to [POST http://127.0.0.1:8200/session/939e0c78-6934-4741-92bf-e102c6e141c2/element/00000000-0000-0242-ffff-ffff0000001c/value] with body: {"elementId":"00000000-0000-0242-ffff-ffff0000001c","text":"Safinaz","replace":false,"value":["S","a","f","i","n","a","z"]}
&amp#27;[38;5;32m[AndroidUiautomator2Driver@1d15 (6fec07b0)]&amp#27;[0m Got response with status 200: {"sessionId":"939e0c78-6934-4741-92bf-e102c6e141c2","value":null}
&amp#27;[38;5;32m[AndroidUiautomator2Driver@1d15 (6fec07b0)]&amp#27;[0m Responding to client with driver.setValue() result: null
&amp#27;[38;5;0m[HTTP]&amp#27;[0m &amp#27;[37m<-- POST /session/6fec07b0-7d23-4a01-828e-a389cf99e4ab/element/00000000-0000-0242-ffff-ffff0000001c/value &amp#27;[39m&amp#27;[32m200&amp#27;[39m &amp#27;[90m110 ms - 14&amp#27;[39m
&amp#27;[38;5;0m[HTTP]&amp#27;[0m &amp#27;[90m&amp#27;[39m
&amp#27;[38;5;0m[HTTP]&amp#27;[0m &amp#27;[37m-->&amp#27;[39m &amp#27;[37mGET&amp#27;[39m &amp#27;[37m/session/6fec07b0-7d23-4a01-828e-a389cf99e4ab/context&amp#27;[39m
&amp#27;[38;5;0m[HTTP]&amp#27;[0m &amp#27;[90m{}&amp#27;[39m
&amp#27;[38;5;32m[AndroidUiautomator2Driver@1d15 (6fec07b0)]&amp#27;[0m Calling AppiumDriver.getCurrentContext() with args: ["6fec07b0-7d23-4a01-828e-a389cf99e4ab"]
&amp#27;[38;5;32m[AndroidUiautomator2Driver@1d15 (6fec07b0)]&amp#27;[0m Responding to client with driver.getCurrentContext() result: "NATIVE_APP"
&amp#27;[38;5;0m[HTTP]&amp#27;[0m &amp#27;[37m<-- GET /session/6fec07b0-7d23-4a01-828e-a389cf99e4ab/context &amp#27;[39m&amp#27;[32m200&amp#27;[39m &amp#27;[90m2 ms - 22&amp#27;[39m
&amp#27;[38;5;0m[HTTP]&amp#27;[0m &amp#27;[90m&amp#27;[39m
&amp#27;[38;5;0m[HTTP]&amp#27;[0m &amp#27;[37m-->&amp#27;[39m &amp#27;[37mPOST&amp#27;[39m &amp#27;[37m/session/6fec07b0-7d23-4a01-828e-a389cf99e4ab/element&amp#27;[39m
&amp#27;[38;5;0m[HTTP]&amp#27;[0m &amp#27;[90m{"using":"id","value":"com.androidsample.generalstore:id/radioFemale"}&amp#27;[39m
&amp#27;[38;5;32m[AndroidUiautomator2Driver@1d15 (6fec07b0)]&amp#27;[0m Calling AppiumDriver.findElement() with args: ["id","com.androidsample.generalstore:id/radioFemale","6fec07b0-7d23-4a01-828e-a389cf99e4ab"]
&amp#27;[38;5;32m[AndroidUiautomator2Driver@1d15 (6fec07b0)]&amp#27;[0m Valid locator strategies for this request: xpath, id, class name, accessibility id, css selector, -android uiautomator
&amp#27;[38;5;32m[AndroidUiautomator2Driver@1d15 (6fec07b0)]&amp#27;[0m Waiting up to 10000 ms for condition
&amp#27;[38;5;32m[AndroidUiautomator2Driver@1d15 (6fec07b0)]&amp#27;[0m Matched '/element' to command name 'findElement'
&amp#27;[38;5;32m[AndroidUiautomator2Driver@1d15 (6fec07b0)]&amp#27;[0m Proxying [POST /element] to [POST http://127.0.0.1:8200/session/939e0c78-6934-4741-92bf-e102c6e141c2/element] with body: {"strategy":"id","selector":"com.androidsample.generalstore:id/radioFemale","context":"","multiple":false}
&amp#27;[38;5;32m[AndroidUiautomator2Driver@1d15 (6fec07b0)]&amp#27;[0m Got response with status 200: {"sessionId":"939e0c78-6934-4741-92bf-e102c6e141c2","value":{"ELEMENT":"00000000-0000-0242-ffff-ffff00000020","element-6066-11e4-a52e-4f735466cecf":"00000000-0000-0242-ffff-ffff00000020"}}
&amp#27;[38;5;32m[AndroidUiautomator2Driver@1d15 (6fec07b0)]&amp#27;[0m Responding to client with driver.findElement() result: {"element-6066-11e4-a52e-4f735466cecf":"00000000-0000-0242-ffff-ffff00000020","ELEMENT":"00000000-0000-0242-ffff-ffff00000020"}
&amp#27;[38;5;0m[HTTP]&amp#27;[0m &amp#27;[37m<-- POST /session/6fec07b0-7d23-4a01-828e-a389cf99e4ab/element &amp#27;[39m&amp#27;[32m200&amp#27;[39m &amp#27;[90m463 ms - 137&amp#27;[39m
&amp#27;[38;5;0m[HTTP]&amp#27;[0m &amp#27;[90m&amp#27;[39m
&amp#27;[38;5;0m[HTTP]&amp#27;[0m &amp#27;[37m-->&amp#27;[39m &amp#27;[37mPOST&amp#27;[39m &amp#27;[37m/session/6fec07b0-7d23-4a01-828e-a389cf99e4ab/element/00000000-0000-0242-ffff-ffff00000020/click&amp#27;[39m
&amp#27;[38;5;0m[HTTP]&amp#27;[0m &amp#27;[90m{"id":"00000000-0000-0242-ffff-ffff00000020"}&amp#27;[39m
&amp#27;[38;5;32m[AndroidUiautomator2Driver@1d15 (6fec07b0)]&amp#27;[0m Calling AppiumDriver.click() with args: ["00000000-0000-0242-ffff-ffff00000020","6fec07b0-7d23-4a01-828e-a389cf99e4ab"]
&amp#27;[38;5;32m[AndroidUiautomator2Driver@1d15 (6fec07b0)]&amp#27;[0m Matched '/element/00000000-0000-0242-ffff-ffff00000020/click' to command name 'click'
&amp#27;[38;5;32m[AndroidUiautomator2Driver@1d15 (6fec07b0)]&amp#27;[0m Proxying [POST /element/00000000-0000-0242-ffff-ffff00000020/click] to [POST http://127.0.0.1:8200/session/939e0c78-6934-4741-92bf-e102c6e141c2/element/00000000-0000-0242-ffff-ffff00000020/click] with body: {"element":"00000000-0000-0242-ffff-ffff00000020"}
&amp#27;[38;5;32m[AndroidUiautomator2Driver@1d15 (6fec07b0)]&amp#27;[0m Got response with status 200: {"sessionId":"939e0c78-6934-4741-92bf-e102c6e141c2","value":null}
&amp#27;[38;5;32m[AndroidUiautomator2Driver@1d15 (6fec07b0)]&amp#27;[0m Responding to client with driver.click() result: null
&amp#27;[38;5;0m[HTTP]&amp#27;[0m &amp#27;[37m<-- POST /session/6fec07b0-7d23-4a01-828e-a389cf99e4ab/element/00000000-0000-0242-ffff-ffff00000020/click &amp#27;[39m&amp#27;[32m200&amp#27;[39m &amp#27;[90m58 ms - 14&amp#27;[39m
&amp#27;[38;5;0m[HTTP]&amp#27;[0m &amp#27;[90m&amp#27;[39m
&amp#27;[38;5;0m[HTTP]&amp#27;[0m &amp#27;[37m-->&amp#27;[39m &amp#27;[37mGET&amp#27;[39m &amp#27;[37m/session/6fec07b0-7d23-4a01-828e-a389cf99e4ab/context&amp#27;[39m
&amp#27;[38;5;0m[HTTP]&amp#27;[0m &amp#27;[90m{}&amp#27;[39m
&amp#27;[38;5;32m[AndroidUiautomator2Driver@1d15 (6fec07b0)]&amp#27;[0m Calling AppiumDriver.getCurrentContext() with args: ["6fec07b0-7d23-4a01-828e-a389cf99e4ab"]
&amp#27;[38;5;32m[AndroidUiautomator2Driver@1d15 (6fec07b0)]&amp#27;[0m Responding to client with driver.getCurrentContext() result: "NATIVE_APP"
&amp#27;[38;5;0m[HTTP]&amp#27;[0m &amp#27;[37m<-- GET /session/6fec07b0-7d23-4a01-828e-a389cf99e4ab/context &amp#27;[39m&amp#27;[32m200&amp#27;[39m &amp#27;[90m4 ms - 22&amp#27;[39m
&amp#27;[38;5;0m[HTTP]&amp#27;[0m &amp#27;[90m&amp#27;[39m
&amp#27;[38;5;0m[HTTP]&amp#27;[0m &amp#27;[37m-->&amp#27;[39m &amp#27;[37mPOST&amp#27;[39m &amp#27;[37m/session/6fec07b0-7d23-4a01-828e-a389cf99e4ab/element&amp#27;[39m
&amp#27;[38;5;0m[HTTP]&amp#27;[0m &amp#27;[90m{"using":"id","value":"com.androidsample.generalstore:id/btnLetsShop"}&amp#27;[39m
&amp#27;[38;5;32m[AndroidUiautomator2Driver@1d15 (6fec07b0)]&amp#27;[0m Calling AppiumDriver.findElement() with args: ["id","com.androidsample.generalstore:id/btnLetsShop","6fec07b0-7d23-4a01-828e-a389cf99e4ab"]
&amp#27;[38;5;32m[AndroidUiautomator2Driver@1d15 (6fec07b0)]&amp#27;[0m Valid locator strategies for this request: xpath, id, class name, accessibility id, css selector, -android uiautomator
&amp#27;[38;5;32m[AndroidUiautomator2Driver@1d15 (6fec07b0)]&amp#27;[0m Waiting up to 10000 ms for condition
&amp#27;[38;5;32m[AndroidUiautomator2Driver@1d15 (6fec07b0)]&amp#27;[0m Matched '/element' to command name 'findElement'
&amp#27;[38;5;32m[AndroidUiautomator2Driver@1d15 (6fec07b0)]&amp#27;[0m Proxying [POST /element] to [POST http://127.0.0.1:8200/session/939e0c78-6934-4741-92bf-e102c6e141c2/element] with body: {"strategy":"id","selector":"com.androidsample.generalstore:id/btnLetsShop","context":"","multiple":false}
&amp#27;[38;5;32m[AndroidUiautomator2Driver@1d15 (6fec07b0)]&amp#27;[0m Got response with status 200: {"sessionId":"939e0c78-6934-4741-92bf-e102c6e141c2","value":{"ELEMENT":"00000000-0000-0242-ffff-ffff00000021","element-6066-11e4-a52e-4f735466cecf":"00000000-0000-0242-ffff-ffff00000021"}}
&amp#27;[38;5;32m[AndroidUiautomator2Driver@1d15 (6fec07b0)]&amp#27;[0m Responding to client with driver.findElement() result: {"element-6066-11e4-a52e-4f735466cecf":"00000000-0000-0242-ffff-ffff00000021","ELEMENT":"00000000-0000-0242-ffff-ffff00000021"}
&amp#27;[38;5;0m[HTTP]&amp#27;[0m &amp#27;[37m<-- POST /session/6fec07b0-7d23-4a01-828e-a389cf99e4ab/element &amp#27;[39m&amp#27;[32m200&amp#27;[39m &amp#27;[90m537 ms - 137&amp#27;[39m
&amp#27;[38;5;0m[HTTP]&amp#27;[0m &amp#27;[90m&amp#27;[39m
&amp#27;[38;5;0m[HTTP]&amp#27;[0m &amp#27;[37m-->&amp#27;[39m &amp#27;[37mPOST&amp#27;[39m &amp#27;[37m/session/6fec07b0-7d23-4a01-828e-a389cf99e4ab/element/00000000-0000-0242-ffff-ffff00000021/click&amp#27;[39m
&amp#27;[38;5;0m[HTTP]&amp#27;[0m &amp#27;[90m{"id":"00000000-0000-0242-ffff-ffff00000021"}&amp#27;[39m
&amp#27;[38;5;32m[AndroidUiautomator2Driver@1d15 (6fec07b0)]&amp#27;[0m Calling AppiumDriver.click() with args: ["00000000-0000-0242-ffff-ffff00000021","6fec07b0-7d23-4a01-828e-a389cf99e4ab"]
&amp#27;[38;5;32m[AndroidUiautomator2Driver@1d15 (6fec07b0)]&amp#27;[0m Matched '/element/00000000-0000-0242-ffff-ffff00000021/click' to command name 'click'
&amp#27;[38;5;32m[AndroidUiautomator2Driver@1d15 (6fec07b0)]&amp#27;[0m Proxying [POST /element/00000000-0000-0242-ffff-ffff00000021/click] to [POST http://127.0.0.1:8200/session/939e0c78-6934-4741-92bf-e102c6e141c2/element/00000000-0000-0242-ffff-ffff00000021/click] with body: {"element":"00000000-0000-0242-ffff-ffff00000021"}
&amp#27;[38;5;32m[AndroidUiautomator2Driver@1d15 (6fec07b0)]&amp#27;[0m Got response with status 200: {"sessionId":"939e0c78-6934-4741-92bf-e102c6e141c2","value":null}
&amp#27;[38;5;32m[AndroidUiautomator2Driver@1d15 (6fec07b0)]&amp#27;[0m Responding to client with driver.click() result: null
&amp#27;[38;5;0m[HTTP]&amp#27;[0m &amp#27;[37m<-- POST /session/6fec07b0-7d23-4a01-828e-a389cf99e4ab/element/00000000-0000-0242-ffff-ffff00000021/click &amp#27;[39m&amp#27;[32m200&amp#27;[39m &amp#27;[90m111 ms - 14&amp#27;[39m
&amp#27;[38;5;0m[HTTP]&amp#27;[0m &amp#27;[90m&amp#27;[39m
&amp#27;[38;5;0m[HTTP]&amp#27;[0m &amp#27;[37m-->&amp#27;[39m &amp#27;[37mPOST&amp#27;[39m &amp#27;[37m/session/6fec07b0-7d23-4a01-828e-a389cf99e4ab/element&amp#27;[39m
&amp#27;[38;5;0m[HTTP]&amp#27;[0m &amp#27;[90m{"using":"-android uiautomator","value":"new UiScrollable(new UiSelector()).scrollIntoView(text(\"Converse All Star\"))"}&amp#27;[39m
&amp#27;[38;5;32m[AndroidUiautomator2Driver@1d15 (6fec07b0)]&amp#27;[0m Calling AppiumDriver.findElement() with args: ["-android uiautomator","new UiScrollable(new UiSelector()).scrollIntoView(text(\"Converse All Star\"))","6fec07b0-7d23-4a01-828e-a389cf99e4ab"]
&amp#27;[38;5;32m[AndroidUiautomator2Driver@1d15 (6fec07b0)]&amp#27;[0m Valid locator strategies for this request: xpath, id, class name, accessibility id, css selector, -android uiautomator
&amp#27;[38;5;32m[AndroidUiautomator2Driver@1d15 (6fec07b0)]&amp#27;[0m Waiting up to 10000 ms for condition
&amp#27;[38;5;32m[AndroidUiautomator2Driver@1d15 (6fec07b0)]&amp#27;[0m Matched '/element' to command name 'findElement'
&amp#27;[38;5;32m[AndroidUiautomator2Driver@1d15 (6fec07b0)]&amp#27;[0m Proxying [POST /element] to [POST http://127.0.0.1:8200/session/939e0c78-6934-4741-92bf-e102c6e141c2/element] with body: {"strategy":"-android uiautomator","selector":"new UiScrollable(new UiSelector()).scrollIntoView(text(\"Converse All Star\"))","context":"","multiple":false}
&amp#27;[38;5;32m[AndroidUiautomator2Driver@1d15 (6fec07b0)]&amp#27;[0m Got response with status 200: {"sessionId":"939e0c78-6934-4741-92bf-e102c6e141c2","value":{"ELEMENT":"00000000-0000-0244-ffff-ffff00000067","element-6066-11e4-a52e-4f735466cecf":"00000000-0000-0244-ffff-ffff00000067"}}
&amp#27;[38;5;32m[AndroidUiautomator2Driver@1d15 (6fec07b0)]&amp#27;[0m Responding to client with driver.findElement() result: {"element-6066-11e4-a52e-4f735466cecf":"00000000-0000-0244-ffff-ffff00000067","ELEMENT":"00000000-0000-0244-ffff-ffff00000067"}
&amp#27;[38;5;0m[HTTP]&amp#27;[0m &amp#27;[37m<-- POST /session/6fec07b0-7d23-4a01-828e-a389cf99e4ab/element &amp#27;[39m&amp#27;[32m200&amp#27;[39m &amp#27;[90m4990 ms - 137&amp#27;[39m
&amp#27;[38;5;0m[HTTP]&amp#27;[0m &amp#27;[90m&amp#27;[39m
&amp#27;[38;5;0m[HTTP]&amp#27;[0m &amp#27;[37m-->&amp#27;[39m &amp#27;[37mGET&amp#27;[39m &amp#27;[37m/session/6fec07b0-7d23-4a01-828e-a389cf99e4ab/context&amp#27;[39m
&amp#27;[38;5;0m[HTTP]&amp#27;[0m &amp#27;[90m{}&amp#27;[39m
&amp#27;[38;5;32m[AndroidUiautomator2Driver@1d15 (6fec07b0)]&amp#27;[0m Calling AppiumDriver.getCurrentContext() with args: ["6fec07b0-7d23-4a01-828e-a389cf99e4ab"]
&amp#27;[38;5;32m[AndroidUiautomator2Driver@1d15 (6fec07b0)]&amp#27;[0m Responding to client with driver.getCurrentContext() result: "NATIVE_APP"
&amp#27;[38;5;0m[HTTP]&amp#27;[0m &amp#27;[37m<-- GET /session/6fec07b0-7d23-4a01-828e-a389cf99e4ab/context &amp#27;[39m&amp#27;[32m200&amp#27;[39m &amp#27;[90m2 ms - 22&amp#27;[39m
&amp#27;[38;5;0m[HTTP]&amp#27;[0m &amp#27;[90m&amp#27;[39m
&amp#27;[38;5;0m[HTTP]&amp#27;[0m &amp#27;[37m-->&amp#27;[39m &amp#27;[37mPOST&amp#27;[39m &amp#27;[37m/session/6fec07b0-7d23-4a01-828e-a389cf99e4ab/elements&amp#27;[39m
&amp#27;[38;5;0m[HTTP]&amp#27;[0m &amp#27;[90m{"using":"xpath","value":"//android.widget.TextView[@text=\"ADD TO CART\"]"}&amp#27;[39m
&amp#27;[38;5;32m[AndroidUiautomator2Driver@1d15 (6fec07b0)]&amp#27;[0m Calling AppiumDriver.findElements() with args: ["xpath","//android.widget.TextView[@text=\"ADD TO CART\"]","6fec07b0-7d23-4a01-828e-a389cf99e4ab"]
&amp#27;[38;5;32m[AndroidUiautomator2Driver@1d15 (6fec07b0)]&amp#27;[0m Valid locator strategies for this request: xpath, id, class name, accessibility id, css selector, -android uiautomator
&amp#27;[38;5;32m[AndroidUiautomator2Driver@1d15 (6fec07b0)]&amp#27;[0m Waiting up to 10000 ms for condition
&amp#27;[38;5;32m[AndroidUiautomator2Driver@1d15 (6fec07b0)]&amp#27;[0m Matched '/elements' to command name 'findElements'
&amp#27;[38;5;32m[AndroidUiautomator2Driver@1d15 (6fec07b0)]&amp#27;[0m Proxying [POST /elements] to [POST http://127.0.0.1:8200/session/939e0c78-6934-4741-92bf-e102c6e141c2/elements] with body: {"strategy":"xpath","selector":"//android.widget.TextView[@text=\"ADD TO CART\"]","context":"","multiple":true}
&amp#27;[38;5;32m[AndroidUiautomator2Driver@1d15 (6fec07b0)]&amp#27;[0m Got response with status 200: {"sessionId":"939e0c78-6934-4741-92bf-e102c6e141c2","value":[{"ELEMENT":"00000000-0000-0244-ffff-ffff00000062","element-6066-11e4-a52e-4f735466cecf":"00000000-0000-0244-ffff-ffff00000062"},{"ELEMENT":"00000000-0000-0244-ffff-ffff0000006b","element-6066-11e4-a52e-4f735466cecf":"00000000-0000-0244-ffff-ffff0000006b"},{"ELEMENT":"00000000-0000-0244-ffff-ffff00000073","element-6066-11e4-a52e-4f735466cecf":"00000000-0000-0244-ffff-ffff00000073"}]}
&amp#27;[38;5;32m[AndroidUiautomator2Driver@1d15 (6fec07b0)]&amp#27;[0m Responding to client with driver.findElements() result: [{"element-6066-11e4-a52e-4f735466cecf":"00000000-0000-0244-ffff-ffff00000062","ELEMENT":"00000000-0000-0244-ffff-ffff00000062"},{"element-6066-11e4-a52e-4f735466cecf":"00000000-0000-0244-ffff-ffff0000006b","ELEMENT":"00000000-0000-0244-ffff-ffff0000006b"},{"element-6066-11e4-a52e-4f735466cecf":"00000000-0000-0244-ffff-ffff00000073","ELEMENT":"00000000-0000-0244-ffff-ffff00000073"}]
&amp#27;[38;5;0m[HTTP]&amp#27;[0m &amp#27;[37m<-- POST /session/6fec07b0-7d23-4a01-828e-a389cf99e4ab/elements &amp#27;[39m&amp#27;[32m200&amp#27;[39m &amp#27;[90m131 ms - 395&amp#27;[39m
&amp#27;[38;5;0m[HTTP]&amp#27;[0m &amp#27;[90m&amp#27;[39m
&amp#27;[38;5;0m[HTTP]&amp#27;[0m &amp#27;[37m-->&amp#27;[39m &amp#27;[37mPOST&amp#27;[39m &amp#27;[37m/session/6fec07b0-7d23-4a01-828e-a389cf99e4ab/element/00000000-0000-0244-ffff-ffff0000006b/click&amp#27;[39m
&amp#27;[38;5;0m[HTTP]&amp#27;[0m &amp#27;[90m{"id":"00000000-0000-0244-ffff-ffff0000006b"}&amp#27;[39m
&amp#27;[38;5;32m[AndroidUiautomator2Driver@1d15 (6fec07b0)]&amp#27;[0m Calling AppiumDriver.click() with args: ["00000000-0000-0244-ffff-ffff0000006b","6fec07b0-7d23-4a01-828e-a389cf99e4ab"]
&amp#27;[38;5;32m[AndroidUiautomator2Driver@1d15 (6fec07b0)]&amp#27;[0m Matched '/element/00000000-0000-0244-ffff-ffff0000006b/click' to command name 'click'
&amp#27;[38;5;32m[AndroidUiautomator2Driver@1d15 (6fec07b0)]&amp#27;[0m Proxying [POST /element/00000000-0000-0244-ffff-ffff0000006b/click] to [POST http://127.0.0.1:8200/session/939e0c78-6934-4741-92bf-e102c6e141c2/element/00000000-0000-0244-ffff-ffff0000006b/click] with body: {"element":"00000000-0000-0244-ffff-ffff0000006b"}
&amp#27;[38;5;32m[AndroidUiautomator2Driver@1d15 (6fec07b0)]&amp#27;[0m Got response with status 200: {"sessionId":"939e0c78-6934-4741-92bf-e102c6e141c2","value":null}
&amp#27;[38;5;32m[AndroidUiautomator2Driver@1d15 (6fec07b0)]&amp#27;[0m Responding to client with driver.click() result: null
&amp#27;[38;5;0m[HTTP]&amp#27;[0m &amp#27;[37m<-- POST /session/6fec07b0-7d23-4a01-828e-a389cf99e4ab/element/00000000-0000-0244-ffff-ffff0000006b/click &amp#27;[39m&amp#27;[32m200&amp#27;[39m &amp#27;[90m558 ms - 14&amp#27;[39m
&amp#27;[38;5;0m[HTTP]&amp#27;[0m &amp#27;[90m&amp#27;[39m
&amp#27;[38;5;0m[HTTP]&amp#27;[0m &amp#27;[37m-->&amp#27;[39m &amp#27;[37mPOST&amp#27;[39m &amp#27;[37m/session/6fec07b0-7d23-4a01-828e-a389cf99e4ab/element&amp#27;[39m
&amp#27;[38;5;0m[HTTP]&amp#27;[0m &amp#27;[90m{"using":"-android uiautomator","value":"new UiScrollable(new UiSelector()).scrollIntoView(text(\"LeBron Soldier 12 \"))"}&amp#27;[39m
&amp#27;[38;5;32m[AndroidUiautomator2Driver@1d15 (6fec07b0)]&amp#27;[0m Calling AppiumDriver.findElement() with args: ["-android uiautomator","new UiScrollable(new UiSelector()).scrollIntoView(text(\"LeBron Soldier 12 \"))","6fec07b0-7d23-4a01-828e-a389cf99e4ab"]
&amp#27;[38;5;32m[AndroidUiautomator2Driver@1d15 (6fec07b0)]&amp#27;[0m Valid locator strategies for this request: xpath, id, class name, accessibility id, css selector, -android uiautomator
&amp#27;[38;5;32m[AndroidUiautomator2Driver@1d15 (6fec07b0)]&amp#27;[0m Waiting up to 10000 ms for condition
&amp#27;[38;5;32m[AndroidUiautomator2Driver@1d15 (6fec07b0)]&amp#27;[0m Matched '/element' to command name 'findElement'
&amp#27;[38;5;32m[AndroidUiautomator2Driver@1d15 (6fec07b0)]&amp#27;[0m Proxying [POST /element] to [POST http://127.0.0.1:8200/session/939e0c78-6934-4741-92bf-e102c6e141c2/element] with body: {"strategy":"-android uiautomator","selector":"new UiScrollable(new UiSelector()).scrollIntoView(text(\"LeBron Soldier 12 \"))","context":"","multiple":false}
&amp#27;[38;5;32m[AndroidUiautomator2Driver@1d15 (6fec07b0)]&amp#27;[0m Got response with status 200: {"sessionId":"939e0c78-6934-4741-92bf-e102c6e141c2","value":{"ELEMENT":"00000000-0000-0244-ffff-ffff00000087","element-6066-11e4-a52e-4f735466cecf":"00000000-0000-0244-ffff-ffff00000087"}}
&amp#27;[38;5;32m[AndroidUiautomator2Driver@1d15 (6fec07b0)]&amp#27;[0m Responding to client with driver.findElement() result: {"element-6066-11e4-a52e-4f735466cecf":"00000000-0000-0244-ffff-ffff00000087","ELEMENT":"00000000-0000-0244-ffff-ffff00000087"}
&amp#27;[38;5;0m[HTTP]&amp#27;[0m &amp#27;[37m<-- POST /session/6fec07b0-7d23-4a01-828e-a389cf99e4ab/element &amp#27;[39m&amp#27;[32m200&amp#27;[39m &amp#27;[90m9299 ms - 137&amp#27;[39m
&amp#27;[38;5;0m[HTTP]&amp#27;[0m &amp#27;[90m&amp#27;[39m
&amp#27;[38;5;0m[HTTP]&amp#27;[0m &amp#27;[37m-->&amp#27;[39m &amp#27;[37mGET&amp#27;[39m &amp#27;[37m/session/6fec07b0-7d23-4a01-828e-a389cf99e4ab/context&amp#27;[39m
&amp#27;[38;5;0m[HTTP]&amp#27;[0m &amp#27;[90m{}&amp#27;[39m
&amp#27;[38;5;32m[AndroidUiautomator2Driver@1d15 (6fec07b0)]&amp#27;[0m Calling AppiumDriver.getCurrentContext() with args: ["6fec07b0-7d23-4a01-828e-a389cf99e4ab"]
&amp#27;[38;5;32m[AndroidUiautomator2Driver@1d15 (6fec07b0)]&amp#27;[0m Responding to client with driver.getCurrentContext() result: "NATIVE_APP"
&amp#27;[38;5;0m[HTTP]&amp#27;[0m &amp#27;[37m<-- GET /session/6fec07b0-7d23-4a01-828e-a389cf99e4ab/context &amp#27;[39m&amp#27;[32m200&amp#27;[39m &amp#27;[90m5 ms - 22&amp#27;[39m
&amp#27;[38;5;0m[HTTP]&amp#27;[0m &amp#27;[90m&amp#27;[39m
&amp#27;[38;5;0m[HTTP]&amp#27;[0m &amp#27;[37m-->&amp#27;[39m &amp#27;[37mPOST&amp#27;[39m &amp#27;[37m/session/6fec07b0-7d23-4a01-828e-a389cf99e4ab/elements&amp#27;[39m
&amp#27;[38;5;0m[HTTP]&amp#27;[0m &amp#27;[90m{"using":"xpath","value":"//android.widget.TextView[@text=\"ADD TO CART\"]"}&amp#27;[39m
&amp#27;[38;5;32m[AndroidUiautomator2Driver@1d15 (6fec07b0)]&amp#27;[0m Calling AppiumDriver.findElements() with args: ["xpath","//android.widget.TextView[@text=\"ADD TO CART\"]","6fec07b0-7d23-4a01-828e-a389cf99e4ab"]
&amp#27;[38;5;32m[AndroidUiautomator2Driver@1d15 (6fec07b0)]&amp#27;[0m Valid locator strategies for this request: xpath, id, class name, accessibility id, css selector, -android uiautomator
&amp#27;[38;5;32m[AndroidUiautomator2Driver@1d15 (6fec07b0)]&amp#27;[0m Waiting up to 10000 ms for condition
&amp#27;[38;5;32m[AndroidUiautomator2Driver@1d15 (6fec07b0)]&amp#27;[0m Matched '/elements' to command name 'findElements'
&amp#27;[38;5;32m[AndroidUiautomator2Driver@1d15 (6fec07b0)]&amp#27;[0m Proxying [POST /elements] to [POST http://127.0.0.1:8200/session/939e0c78-6934-4741-92bf-e102c6e141c2/elements] with body: {"strategy":"xpath","selector":"//android.widget.TextView[@text=\"ADD TO CART\"]","context":"","multiple":true}
&amp#27;[38;5;32m[AndroidUiautomator2Driver@1d15 (6fec07b0)]&amp#27;[0m Got response with status 200: {"sessionId":"939e0c78-6934-4741-92bf-e102c6e141c2","value":[{"ELEMENT":"00000000-0000-0244-ffff-ffff0000008b","element-6066-11e4-a52e-4f735466cecf":"00000000-0000-0244-ffff-ffff0000008b"},{"ELEMENT":"00000000-0000-0244-ffff-ffff0000005a","element-6066-11e4-a52e-4f735466cecf":"00000000-0000-0244-ffff-ffff0000005a"},{"ELEMENT":"00000000-0000-0244-ffff-ffff00000062","element-6066-11e4-a52e-4f735466cecf":"00000000-0000-0244-ffff-ffff00000062"}]}
&amp#27;[38;5;32m[AndroidUiautomator2Driver@1d15 (6fec07b0)]&amp#27;[0m Responding to client with driver.findElements() result: [{"element-6066-11e4-a52e-4f735466cecf":"00000000-0000-0244-ffff-ffff0000008b","ELEMENT":"00000000-0000-0244-ffff-ffff0000008b"},{"element-6066-11e4-a52e-4f735466cecf":"00000000-0000-0244-ffff-ffff0000005a","ELEMENT":"00000000-0000-0244-ffff-ffff0000005a"},{"element-6066-11e4-a52e-4f735466cecf":"00000000-0000-0244-ffff-ffff00000062","ELEMENT":"00000000-0000-0244-ffff-ffff00000062"}]
&amp#27;[38;5;0m[HTTP]&amp#27;[0m &amp#27;[37m<-- POST /session/6fec07b0-7d23-4a01-828e-a389cf99e4ab/elements &amp#27;[39m&amp#27;[32m200&amp#27;[39m &amp#27;[90m109 ms - 395&amp#27;[39m
&amp#27;[38;5;0m[HTTP]&amp#27;[0m &amp#27;[90m&amp#27;[39m
&amp#27;[38;5;0m[HTTP]&amp#27;[0m &amp#27;[37m-->&amp#27;[39m &amp#27;[37mPOST&amp#27;[39m &amp#27;[37m/session/6fec07b0-7d23-4a01-828e-a389cf99e4ab/element/00000000-0000-0244-ffff-ffff0000005a/click&amp#27;[39m
&amp#27;[38;5;0m[HTTP]&amp#27;[0m &amp#27;[90m{"id":"00000000-0000-0244-ffff-ffff0000005a"}&amp#27;[39m
&amp#27;[38;5;32m[AndroidUiautomator2Driver@1d15 (6fec07b0)]&amp#27;[0m Calling AppiumDriver.click() with args: ["00000000-0000-0244-ffff-ffff0000005a","6fec07b0-7d23-4a01-828e-a389cf99e4ab"]
&amp#27;[38;5;32m[AndroidUiautomator2Driver@1d15 (6fec07b0)]&amp#27;[0m Matched '/element/00000000-0000-0244-ffff-ffff0000005a/click' to command name 'click'
&amp#27;[38;5;32m[AndroidUiautomator2Driver@1d15 (6fec07b0)]&amp#27;[0m Proxying [POST /element/00000000-0000-0244-ffff-ffff0000005a/click] to [POST http://127.0.0.1:8200/session/939e0c78-6934-4741-92bf-e102c6e141c2/element/00000000-0000-0244-ffff-ffff0000005a/click] with body: {"element":"00000000-0000-0244-ffff-ffff0000005a"}
&amp#27;[38;5;32m[AndroidUiautomator2Driver@1d15 (6fec07b0)]&amp#27;[0m Got response with status 200: {"sessionId":"939e0c78-6934-4741-92bf-e102c6e141c2","value":null}
&amp#27;[38;5;32m[AndroidUiautomator2Driver@1d15 (6fec07b0)]&amp#27;[0m Responding to client with driver.click() result: null
&amp#27;[38;5;0m[HTTP]&amp#27;[0m &amp#27;[37m<-- POST /session/6fec07b0-7d23-4a01-828e-a389cf99e4ab/element/00000000-0000-0244-ffff-ffff0000005a/click &amp#27;[39m&amp#27;[32m200&amp#27;[39m &amp#27;[90m58 ms - 14&amp#27;[39m
&amp#27;[38;5;0m[HTTP]&amp#27;[0m &amp#27;[90m&amp#27;[39m
&amp#27;[38;5;0m[HTTP]&amp#27;[0m &amp#27;[37m-->&amp#27;[39m &amp#27;[37mGET&amp#27;[39m &amp#27;[37m/session/6fec07b0-7d23-4a01-828e-a389cf99e4ab/context&amp#27;[39m
&amp#27;[38;5;0m[HTTP]&amp#27;[0m &amp#27;[90m{}&amp#27;[39m
&amp#27;[38;5;32m[AndroidUiautomator2Driver@1d15 (6fec07b0)]&amp#27;[0m Calling AppiumDriver.getCurrentContext() with args: ["6fec07b0-7d23-4a01-828e-a389cf99e4ab"]
&amp#27;[38;5;32m[AndroidUiautomator2Driver@1d15 (6fec07b0)]&amp#27;[0m Responding to client with driver.getCurrentContext() result: "NATIVE_APP"
&amp#27;[38;5;0m[HTTP]&amp#27;[0m &amp#27;[37m<-- GET /session/6fec07b0-7d23-4a01-828e-a389cf99e4ab/context &amp#27;[39m&amp#27;[32m200&amp#27;[39m &amp#27;[90m2 ms - 22&amp#27;[39m
&amp#27;[38;5;0m[HTTP]&amp#27;[0m &amp#27;[90m&amp#27;[39m
&amp#27;[38;5;0m[HTTP]&amp#27;[0m &amp#27;[37m-->&amp#27;[39m &amp#27;[37mPOST&amp#27;[39m &amp#27;[37m/session/6fec07b0-7d23-4a01-828e-a389cf99e4ab/element&amp#27;[39m
&amp#27;[38;5;0m[HTTP]&amp#27;[0m &amp#27;[90m{"using":"id","value":"com.androidsample.generalstore:id/appbar_btn_cart"}&amp#27;[39m
&amp#27;[38;5;32m[AndroidUiautomator2Driver@1d15 (6fec07b0)]&amp#27;[0m Calling AppiumDriver.findElement() with args: ["id","com.androidsample.generalstore:id/appbar_btn_cart","6fec07b0-7d23-4a01-828e-a389cf99e4ab"]
&amp#27;[38;5;32m[AndroidUiautomator2Driver@1d15 (6fec07b0)]&amp#27;[0m Valid locator strategies for this request: xpath, id, class name, accessibility id, css selector, -android uiautomator
&amp#27;[38;5;32m[AndroidUiautomator2Driver@1d15 (6fec07b0)]&amp#27;[0m Waiting up to 10000 ms for condition
&amp#27;[38;5;32m[AndroidUiautomator2Driver@1d15 (6fec07b0)]&amp#27;[0m Matched '/element' to command name 'findElement'
&amp#27;[38;5;32m[AndroidUiautomator2Driver@1d15 (6fec07b0)]&amp#27;[0m Proxying [POST /element] to [POST http://127.0.0.1:8200/session/939e0c78-6934-4741-92bf-e102c6e141c2/element] with body: {"strategy":"id","selector":"com.androidsample.generalstore:id/appbar_btn_cart","context":"","multiple":false}
&amp#27;[38;5;32m[AndroidUiautomator2Driver@1d15 (6fec07b0)]&amp#27;[0m Got response with status 200: {"sessionId":"939e0c78-6934-4741-92bf-e102c6e141c2","value":{"ELEMENT":"00000000-0000-0244-ffff-ffff00000045","element-6066-11e4-a52e-4f735466cecf":"00000000-0000-0244-ffff-ffff00000045"}}
&amp#27;[38;5;32m[AndroidUiautomator2Driver@1d15 (6fec07b0)]&amp#27;[0m Responding to client with driver.findElement() result: {"element-6066-11e4-a52e-4f735466cecf":"00000000-0000-0244-ffff-ffff00000045","ELEMENT":"00000000-0000-0244-ffff-ffff00000045"}
&amp#27;[38;5;0m[HTTP]&amp#27;[0m &amp#27;[37m<-- POST /session/6fec07b0-7d23-4a01-828e-a389cf99e4ab/element &amp#27;[39m&amp#27;[32m200&amp#27;[39m &amp#27;[90m489 ms - 137&amp#27;[39m
&amp#27;[38;5;0m[HTTP]&amp#27;[0m &amp#27;[90m&amp#27;[39m
&amp#27;[38;5;0m[HTTP]&amp#27;[0m &amp#27;[37m-->&amp#27;[39m &amp#27;[37mPOST&amp#27;[39m &amp#27;[37m/session/6fec07b0-7d23-4a01-828e-a389cf99e4ab/element/00000000-0000-0244-ffff-ffff00000045/click&amp#27;[39m
&amp#27;[38;5;0m[HTTP]&amp#27;[0m &amp#27;[90m{"id":"00000000-0000-0244-ffff-ffff00000045"}&amp#27;[39m
&amp#27;[38;5;32m[AndroidUiautomator2Driver@1d15 (6fec07b0)]&amp#27;[0m Calling AppiumDriver.click() with args: ["00000000-0000-0244-ffff-ffff00000045","6fec07b0-7d23-4a01-828e-a389cf99e4ab"]
&amp#27;[38;5;32m[AndroidUiautomator2Driver@1d15 (6fec07b0)]&amp#27;[0m Matched '/element/00000000-0000-0244-ffff-ffff00000045/click' to command name 'click'
&amp#27;[38;5;32m[AndroidUiautomator2Driver@1d15 (6fec07b0)]&amp#27;[0m Proxying [POST /element/00000000-0000-0244-ffff-ffff00000045/click] to [POST http://127.0.0.1:8200/session/939e0c78-6934-4741-92bf-e102c6e141c2/element/00000000-0000-0244-ffff-ffff00000045/click] with body: {"element":"00000000-0000-0244-ffff-ffff00000045"}
&amp#27;[38;5;32m[AndroidUiautomator2Driver@1d15 (6fec07b0)]&amp#27;[0m Got response with status 200: {"sessionId":"939e0c78-6934-4741-92bf-e102c6e141c2","value":null}
&amp#27;[38;5;32m[AndroidUiautomator2Driver@1d15 (6fec07b0)]&amp#27;[0m Responding to client with driver.click() result: null
&amp#27;[38;5;0m[HTTP]&amp#27;[0m &amp#27;[37m<-- POST /session/6fec07b0-7d23-4a01-828e-a389cf99e4ab/element/00000000-0000-0244-ffff-ffff00000045/click &amp#27;[39m&amp#27;[32m200&amp#27;[39m &amp#27;[90m92 ms - 14&amp#27;[39m
&amp#27;[38;5;0m[HTTP]&amp#27;[0m &amp#27;[90m&amp#27;[39m
&amp#27;[38;5;0m[HTTP]&amp#27;[0m &amp#27;[37m-->&amp#27;[39m &amp#27;[37mGET&amp#27;[39m &amp#27;[37m/session/6fec07b0-7d23-4a01-828e-a389cf99e4ab/context&amp#27;[39m
&amp#27;[38;5;0m[HTTP]&amp#27;[0m &amp#27;[90m{}&amp#27;[39m
&amp#27;[38;5;32m[AndroidUiautomator2Driver@1d15 (6fec07b0)]&amp#27;[0m Calling AppiumDriver.getCurrentContext() with args: ["6fec07b0-7d23-4a01-828e-a389cf99e4ab"]
&amp#27;[38;5;32m[AndroidUiautomator2Driver@1d15 (6fec07b0)]&amp#27;[0m Responding to client with driver.getCurrentContext() result: "NATIVE_APP"
&amp#27;[38;5;0m[HTTP]&amp#27;[0m &amp#27;[37m<-- GET /session/6fec07b0-7d23-4a01-828e-a389cf99e4ab/context &amp#27;[39m&amp#27;[32m200&amp#27;[39m &amp#27;[90m2 ms - 22&amp#27;[39m
&amp#27;[38;5;0m[HTTP]&amp#27;[0m &amp#27;[90m&amp#27;[39m
&amp#27;[38;5;0m[HTTP]&amp#27;[0m &amp#27;[37m-->&amp#27;[39m &amp#27;[37mPOST&amp#27;[39m &amp#27;[37m/session/6fec07b0-7d23-4a01-828e-a389cf99e4ab/elements&amp#27;[39m
&amp#27;[38;5;0m[HTTP]&amp#27;[0m &amp#27;[90m{"using":"id","value":"com.androidsample.generalstore:id/productPrice"}&amp#27;[39m
&amp#27;[38;5;32m[AndroidUiautomator2Driver@1d15 (6fec07b0)]&amp#27;[0m Calling AppiumDriver.findElements() with args: ["id","com.androidsample.generalstore:id/productPrice","6fec07b0-7d23-4a01-828e-a389cf99e4ab"]
&amp#27;[38;5;32m[AndroidUiautomator2Driver@1d15 (6fec07b0)]&amp#27;[0m Valid locator strategies for this request: xpath, id, class name, accessibility id, css selector, -android uiautomator
&amp#27;[38;5;32m[AndroidUiautomator2Driver@1d15 (6fec07b0)]&amp#27;[0m Waiting up to 10000 ms for condition
&amp#27;[38;5;32m[AndroidUiautomator2Driver@1d15 (6fec07b0)]&amp#27;[0m Matched '/elements' to command name 'findElements'
&amp#27;[38;5;32m[AndroidUiautomator2Driver@1d15 (6fec07b0)]&amp#27;[0m Proxying [POST /elements] to [POST http://127.0.0.1:8200/session/939e0c78-6934-4741-92bf-e102c6e141c2/elements] with body: {"strategy":"id","selector":"com.androidsample.generalstore:id/productPrice","context":"","multiple":true}
&amp#27;[38;5;32m[AndroidUiautomator2Driver@1d15 (6fec07b0)]&amp#27;[0m Got response with status 200: {"sessionId":"939e0c78-6934-4741-92bf-e102c6e141c2","value":[{"ELEMENT":"00000000-0000-0245-ffff-ffff000000af","element-6066-11e4-a52e-4f735466cecf":"00000000-0000-0245-ffff-ffff000000af"},{"ELEMENT":"00000000-0000-0245-ffff-ffff000000b7","element-6066-11e4-a52e-4f735466cecf":"00000000-0000-0245-ffff-ffff000000b7"}]}
&amp#27;[38;5;32m[AndroidUiautomator2Driver@1d15 (6fec07b0)]&amp#27;[0m Responding to client with driver.findElements() result: [{"element-6066-11e4-a52e-4f735466cecf":"00000000-0000-0245-ffff-ffff000000af","ELEMENT":"00000000-0000-0245-ffff-ffff000000af"},{"element-6066-11e4-a52e-4f735466cecf":"00000000-0000-0245-ffff-ffff000000b7","ELEMENT":"00000000-0000-0245-ffff-ffff000000b7"}]
&amp#27;[38;5;0m[HTTP]&amp#27;[0m &amp#27;[37m<-- POST /session/6fec07b0-7d23-4a01-828e-a389cf99e4ab/elements &amp#27;[39m&amp#27;[32m200&amp#27;[39m &amp#27;[90m629 ms - 267&amp#27;[39m
&amp#27;[38;5;0m[HTTP]&amp#27;[0m &amp#27;[90m&amp#27;[39m
&amp#27;[38;5;0m[HTTP]&amp#27;[0m &amp#27;[37m-->&amp#27;[39m &amp#27;[37mGET&amp#27;[39m &amp#27;[37m/session/6fec07b0-7d23-4a01-828e-a389cf99e4ab/context&amp#27;[39m
&amp#27;[38;5;0m[HTTP]&amp#27;[0m &amp#27;[90m{}&amp#27;[39m
&amp#27;[38;5;32m[AndroidUiautomator2Driver@1d15 (6fec07b0)]&amp#27;[0m Calling AppiumDriver.getCurrentContext() with args: ["6fec07b0-7d23-4a01-828e-a389cf99e4ab"]
[...]
&amp#27;[38;5;32m[AndroidUiautomator2Driver@40f8 (25f89ad9)]&amp#27;[0m Responding to client with driver.createSession() result: {"capabilities":{"platformName":"ANDROID","app":"C:\\techpro\\CucumberProjeckt\\Batch151CucumberProjectFrameworks 2\\Batch151CucumberProjectFrameworks\\Appium_Upskills_TestNGFramework\\src\\test\\resources\\General-Store.apk","automationName":"UIAutomator2","platform":"LINUX","webStorageEnabled":false,"takesScreenshot":true,"javascriptEnabled":true,"databaseEnabled":false,"networkConnectionEnabled":true,"locationContextEnabled":false,"warnings":{},"desired":{"platformName":"ANDROID","app":"C:\\techpro\\CucumberProjeckt\\Batch151CucumberProjectFrameworks 2\\Batch151CucumberProjectFrameworks\\Appium_Upskills_TestNGFramework\\src\\test\\resources\\General-Store.apk","automationName":"UIAutomator2"},"deviceName":"emulator-5554","deviceUDID":"emulator-5554","appPackage":"com.androidsample.generalstore","pixelRatio":"3.5","statBarHeight":84,"viewportRect":{"left":0,"top":84,"width":1440,"height":2868},"deviceApiLevel":29,"platformVersion":"10","deviceManufacturer":"Google","deviceModel":"Android SDK built for x8...
&amp#27;[38;5;0m[HTTP]&amp#27;[0m &amp#27;[37m<-- POST /session &amp#27;[39m&amp#27;[32m200&amp#27;[39m &amp#27;[90m8217 ms - 1143&amp#27;[39m
&amp#27;[38;5;0m[HTTP]&amp#27;[0m &amp#27;[90m&amp#27;[39m
&amp#27;[38;5;0m[HTTP]&amp#27;[0m &amp#27;[37m-->&amp#27;[39m &amp#27;[37mPOST&amp#27;[39m &amp#27;[37m/session/25f89ad9-cc48-483d-8b4d-cc00813e4995/timeouts&amp#27;[39m
&amp#27;[38;5;0m[HTTP]&amp#27;[0m &amp#27;[90m{"implicit":10000}&amp#27;[39m
&amp#27;[38;5;32m[AndroidUiautomator2Driver@40f8 (25f89ad9)]&amp#27;[0m Calling AppiumDriver.timeouts() with args: [null,null,null,null,10000,"25f89ad9-cc48-483d-8b4d-cc00813e4995"]
&amp#27;[38;5;32m[AndroidUiautomator2Driver@40f8 (25f89ad9)]&amp#27;[0m W3C timeout argument: {"implicit":10000}}
&amp#27;[38;5;32m[AndroidUiautomator2Driver@40f8 (25f89ad9)]&amp#27;[0m Set implicit wait to 10000ms
&amp#27;[38;5;32m[AndroidUiautomator2Driver@40f8 (25f89ad9)]&amp#27;[0m Responding to client with driver.timeouts() result: null
&amp#27;[38;5;0m[HTTP]&amp#27;[0m &amp#27;[37m<-- POST /session/25f89ad9-cc48-483d-8b4d-cc00813e4995/timeouts &amp#27;[39m&amp#27;[32m200&amp#27;[39m &amp#27;[90m3 ms - 14&amp#27;[39m
&amp#27;[38;5;0m[HTTP]&amp#27;[0m &amp#27;[90m&amp#27;[39m
&amp#27;[38;5;0m[HTTP]&amp#27;[0m &amp#27;[37m-->&amp#27;[39m &amp#27;[37mGET&amp#27;[39m &amp#27;[37m/session/25f89ad9-cc48-483d-8b4d-cc00813e4995/context&amp#27;[39m
&amp#27;[38;5;0m[HTTP]&amp#27;[0m &amp#27;[90m{}&amp#27;[39m
&amp#27;[38;5;32m[AndroidUiautomator2Driver@40f8 (25f89ad9)]&amp#27;[0m Calling AppiumDriver.getCurrentContext() with args: ["25f89ad9-cc48-483d-8b4d-cc00813e4995"]
&amp#27;[38;5;32m[AndroidUiautomator2Driver@40f8 (25f89ad9)]&amp#27;[0m Responding to client with driver.getCurrentContext() result: "NATIVE_APP"
&amp#27;[38;5;0m[HTTP]&amp#27;[0m &amp#27;[37m<-- GET /session/25f89ad9-cc48-483d-8b4d-cc00813e4995/context &amp#27;[39m&amp#27;[32m200&amp#27;[39m &amp#27;[90m2 ms - 22&amp#27;[39m
&amp#27;[38;5;0m[HTTP]&amp#27;[0m &amp#27;[90m&amp#27;[39m
&amp#27;[38;5;0m[HTTP]&amp#27;[0m &amp#27;[37m-->&amp#27;[39m &amp#27;[37mPOST&amp#27;[39m &amp#27;[37m/session/25f89ad9-cc48-483d-8b4d-cc00813e4995/element&amp#27;[39m
&amp#27;[38;5;0m[HTTP]&amp#27;[0m &amp#27;[90m{"using":"id","value":"com.androidsample.generalstore:id/btnLetsShop"}&amp#27;[39m
&amp#27;[38;5;32m[AndroidUiautomator2Driver@40f8 (25f89ad9)]&amp#27;[0m Calling AppiumDriver.findElement() with args: ["id","com.androidsample.generalstore:id/btnLetsShop","25f89ad9-cc48-483d-8b4d-cc00813e4995"]
&amp#27;[38;5;32m[AndroidUiautomator2Driver@40f8 (25f89ad9)]&amp#27;[0m Valid locator strategies for this request: xpath, id, class name, accessibility id, css selector, -android uiautomator
&amp#27;[38;5;32m[AndroidUiautomator2Driver@40f8 (25f89ad9)]&amp#27;[0m Waiting up to 10000 ms for condition
&amp#27;[38;5;32m[AndroidUiautomator2Driver@40f8 (25f89ad9)]&amp#27;[0m Matched '/element' to command name 'findElement'
&amp#27;[38;5;32m[AndroidUiautomator2Driver@40f8 (25f89ad9)]&amp#27;[0m Proxying [POST /element] to [POST http://127.0.0.1:8200/session/d89778cb-ee05-4edd-8b57-25175c1a6617/element] with body: {"strategy":"id","selector":"com.androidsample.generalstore:id/btnLetsShop","context":"","multiple":false}
&amp#27;[38;5;32m[AndroidUiautomator2Driver@40f8 (25f89ad9)]&amp#27;[0m Got response with status 404: {"sessionId":"d89778cb-ee05-4edd-8b57-25175c1a6617","value":{"error":"no such element","message":"An element could not be located on the page using the given search parameters","stacktrace":"io.appium.uiautomator2.common.exceptions.ElementNotFoundException: An element could not be located on the page using the given search parameters\n\tat io.appium.uiautomator2.handler.FindElement.safeHandle(FindElement.java:63)\n\tat io.appium.uiautomator2.handler.request.SafeRequestHandler.handle(SafeRequestHandler.java:59)\n\tat io.appium.uiautomator2.server.AppiumServlet.handleRequest(AppiumServlet.java:277)\n\tat io.appium.uiautomator2.server.AppiumServlet.handleHttpRequest(AppiumServlet.java:271)\n\tat io.appium.uiautomator2.http.ServerHandler.channelRead(ServerHandler.java:77)\n\tat io.netty.channel.AbstractChannelHandlerContext.invokeChannelRead(AbstractChannelHandlerContext.java:366)\n\tat io.netty.channel.AbstractChannelHandlerContext.invokeChannelRead(AbstractChannelHandlerContext.java:352)\n\tat io.netty.chann...
&amp#27;[38;5;128m[W3C]&amp#27;[0m Matched W3C error code 'no such element' to NoSuchElementError
&amp#27;[38;5;32m[AndroidUiautomator2Driver@40f8 (25f89ad9)]&amp#27;[0m Waited for 131 ms so far
&amp#27;[38;5;32m[AndroidUiautomator2Driver@40f8 (25f89ad9)]&amp#27;[0m Matched '/element' to command name 'findElement'
&amp#27;[38;5;32m[AndroidUiautomator2Driver@40f8 (25f89ad9)]&amp#27;[0m Proxying [POST /element] to [POST http://127.0.0.1:8200/session/d89778cb-ee05-4edd-8b57-25175c1a6617/element] with body: {"strategy":"id","selector":"com.androidsample.generalstore:id/btnLetsShop","context":"","multiple":false}
&amp#27;[38;5;32m[AndroidUiautomator2Driver@40f8 (25f89ad9)]&amp#27;[0m Got response with status 404: {"sessionId":"d89778cb-ee05-4edd-8b57-25175c1a6617","value":{"error":"no such element","message":"An element could not be located on the page using the given search parameters","stacktrace":"io.appium.uiautomator2.common.exceptions.ElementNotFoundException: An element could not be located on the page using the given search parameters\n\tat io.appium.uiautomator2.handler.FindElement.safeHandle(FindElement.java:63)\n\tat io.appium.uiautomator2.handler.request.SafeRequestHandler.handle(SafeRequestHandler.java:59)\n\tat io.appium.uiautomator2.server.AppiumServlet.handleRequest(AppiumServlet.java:277)\n\tat io.appium.uiautomator2.server.AppiumServlet.handleHttpRequest(AppiumServlet.java:271)\n\tat io.appium.uiautomator2.http.ServerHandler.channelRead(ServerHandler.java:77)\n\tat io.netty.channel.AbstractChannelHandlerContext.invokeChannelRead(AbstractChannelHandlerContext.java:366)\n\tat io.netty.channel.AbstractChannelHandlerContext.invokeChannelRead(AbstractChannelHandlerContext.java:352)\n\tat io.netty.chann...
&amp#27;[38;5;128m[W3C]&amp#27;[0m Matched W3C error code 'no such element' to NoSuchElementError
&amp#27;[38;5;32m[AndroidUiautomator2Driver@40f8 (25f89ad9)]&amp#27;[0m Waited for 705 ms so far
&amp#27;[38;5;32m[AndroidUiautomator2Driver@40f8 (25f89ad9)]&amp#27;[0m Matched '/element' to command name 'findElement'
&amp#27;[38;5;32m[AndroidUiautomator2Driver@40f8 (25f89ad9)]&amp#27;[0m Proxying [POST /element] to [POST http://127.0.0.1:8200/session/d89778cb-ee05-4edd-8b57-25175c1a6617/element] with body: {"strategy":"id","selector":"com.androidsample.generalstore:id/btnLetsShop","context":"","multiple":false}
&amp#27;[38;5;32m[AndroidUiautomator2Driver@40f8 (25f89ad9)]&amp#27;[0m Got response with status 404: {"sessionId":"d89778cb-ee05-4edd-8b57-25175c1a6617","value":{"error":"no such element","message":"An element could not be located on the page using the given search parameters","stacktrace":"io.appium.uiautomator2.common.exceptions.ElementNotFoundException: An element could not be located on the page using the given search parameters\n\tat io.appium.uiautomator2.handler.FindElement.safeHandle(FindElement.java:63)\n\tat io.appium.uiautomator2.handler.request.SafeRequestHandler.handle(SafeRequestHandler.java:59)\n\tat io.appium.uiautomator2.server.AppiumServlet.handleRequest(AppiumServlet.java:277)\n\tat io.appium.uiautomator2.server.AppiumServlet.handleHttpRequest(AppiumServlet.java:271)\n\tat io.appium.uiautomator2.http.ServerHandler.channelRead(ServerHandler.java:77)\n\tat io.netty.channel.AbstractChannelHandlerContext.invokeChannelRead(AbstractChannelHandlerContext.java:366)\n\tat io.netty.channel.AbstractChannelHandlerContext.invokeChannelRead(AbstractChannelHandlerContext.java:352)\n\tat io.netty.chann...
&amp#27;[38;5;128m[W3C]&amp#27;[0m Matched W3C error code 'no such element' to NoSuchElementError
&amp#27;[38;5;32m[AndroidUiautomator2Driver@40f8 (25f89ad9)]&amp#27;[0m Waited for 1728 ms so far
&amp#27;[38;5;32m[AndroidUiautomator2Driver@40f8 (25f89ad9)]&amp#27;[0m Matched '/element' to command name 'findElement'
&amp#27;[38;5;32m[AndroidUiautomator2Driver@40f8 (25f89ad9)]&amp#27;[0m Proxying [POST /element] to [POST http://127.0.0.1:8200/session/d89778cb-ee05-4edd-8b57-25175c1a6617/element] with body: {"strategy":"id","selector":"com.androidsample.generalstore:id/btnLetsShop","context":"","multiple":false}
&amp#27;[38;5;32m[AndroidUiautomator2Driver@40f8 (25f89ad9)]&amp#27;[0m Got response with status 200: {"sessionId":"d89778cb-ee05-4edd-8b57-25175c1a6617","value":{"ELEMENT":"00000000-0000-024e-ffff-ffff00000021","element-6066-11e4-a52e-4f735466cecf":"00000000-0000-024e-ffff-ffff00000021"}}
&amp#27;[38;5;32m[AndroidUiautomator2Driver@40f8 (25f89ad9)]&amp#27;[0m Responding to client with driver.findElement() result: {"element-6066-11e4-a52e-4f735466cecf":"00000000-0000-024e-ffff-ffff00000021","ELEMENT":"00000000-0000-024e-ffff-ffff00000021"}
&amp#27;[38;5;0m[HTTP]&amp#27;[0m &amp#27;[37m<-- POST /session/25f89ad9-cc48-483d-8b4d-cc00813e4995/element &amp#27;[39m&amp#27;[32m200&amp#27;[39m &amp#27;[90m3832 ms - 137&amp#27;[39m
&amp#27;[38;5;0m[HTTP]&amp#27;[0m &amp#27;[90m&amp#27;[39m
&amp#27;[38;5;0m[HTTP]&amp#27;[0m &amp#27;[37m-->&amp#27;[39m &amp#27;[37mPOST&amp#27;[39m &amp#27;[37m/session/25f89ad9-cc48-483d-8b4d-cc00813e4995/element/00000000-0000-024e-ffff-ffff00000021/click&amp#27;[39m
&amp#27;[38;5;0m[HTTP]&amp#27;[0m &amp#27;[90m{"id":"00000000-0000-024e-ffff-ffff00000021"}&amp#27;[39m
&amp#27;[38;5;32m[AndroidUiautomator2Driver@40f8 (25f89ad9)]&amp#27;[0m Calling AppiumDriver.click() with args: ["00000000-0000-024e-ffff-ffff00000021","25f89ad9-cc48-483d-8b4d-cc00813e4995"]
&amp#27;[38;5;32m[AndroidUiautomator2Driver@40f8 (25f89ad9)]&amp#27;[0m Matched '/element/00000000-0000-024e-ffff-ffff00000021/click' to command name 'click'
&amp#27;[38;5;32m[AndroidUiautomator2Driver@40f8 (25f89ad9)]&amp#27;[0m Proxying [POST /element/00000000-0000-024e-ffff-ffff00000021/click] to [POST http://127.0.0.1:8200/session/d89778cb-ee05-4edd-8b57-25175c1a6617/element/00000000-0000-024e-ffff-ffff00000021/click] with body: {"element":"00000000-0000-024e-ffff-ffff00000021"}
&amp#27;[38;5;32m[AndroidUiautomator2Driver@40f8 (25f89ad9)]&amp#27;[0m Got response with status 200: {"sessionId":"d89778cb-ee05-4edd-8b57-25175c1a6617","value":null}
&amp#27;[38;5;32m[AndroidUiautomator2Driver@40f8 (25f89ad9)]&amp#27;[0m Responding to client with driver.click() result: null
&amp#27;[38;5;0m[HTTP]&amp#27;[0m &amp#27;[37m<-- POST /session/25f89ad9-cc48-483d-8b4d-cc00813e4995/element/00000000-0000-024e-ffff-ffff00000021/click &amp#27;[39m&amp#27;[32m200&amp#27;[39m &amp#27;[90m659 ms - 14&amp#27;[39m
&amp#27;[38;5;0m[HTTP]&amp#27;[0m &amp#27;[90m&amp#27;[39m
&amp#27;[38;5;0m[HTTP]&amp#27;[0m &amp#27;[37m-->&amp#27;[39m &amp#27;[37mGET&amp#27;[39m &amp#27;[37m/session/25f89ad9-cc48-483d-8b4d-cc00813e4995/context&amp#27;[39m
&amp#27;[38;5;0m[HTTP]&amp#27;[0m &amp#27;[90m{}&amp#27;[39m
&amp#27;[38;5;32m[AndroidUiautomator2Driver@40f8 (25f89ad9)]&amp#27;[0m Calling AppiumDriver.getCurrentContext() with args: ["25f89ad9-cc48-483d-8b4d-cc00813e4995"]
&amp#27;[38;5;32m[AndroidUiautomator2Driver@40f8 (25f89ad9)]&amp#27;[0m Responding to client with driver.getCurrentContext() result: "NATIVE_APP"
&amp#27;[38;5;0m[HTTP]&amp#27;[0m &amp#27;[37m<-- GET /session/25f89ad9-cc48-483d-8b4d-cc00813e4995/context &amp#27;[39m&amp#27;[32m200&amp#27;[39m &amp#27;[90m1 ms - 22&amp#27;[39m
&amp#27;[38;5;0m[HTTP]&amp#27;[0m &amp#27;[90m&amp#27;[39m
&amp#27;[38;5;0m[HTTP]&amp#27;[0m &amp#27;[37m-->&amp#27;[39m &amp#27;[37mPOST&amp#27;[39m &amp#27;[37m/session/25f89ad9-cc48-483d-8b4d-cc00813e4995/element&amp#27;[39m
&amp#27;[38;5;0m[HTTP]&amp#27;[0m &amp#27;[90m{"using":"xpath","value":"//android.widget.Toast"}&amp#27;[39m
&amp#27;[38;5;32m[AndroidUiautomator2Driver@40f8 (25f89ad9)]&amp#27;[0m Calling AppiumDriver.findElement() with args: ["xpath","//android.widget.Toast","25f89ad9-cc48-483d-8b4d-cc00813e4995"]
&amp#27;[38;5;32m[AndroidUiautomator2Driver@40f8 (25f89ad9)]&amp#27;[0m Valid locator strategies for this request: xpath, id, class name, accessibility id, css selector, -android uiautomator
&amp#27;[38;5;32m[AndroidUiautomator2Driver@40f8 (25f89ad9)]&amp#27;[0m Waiting up to 10000 ms for condition
&amp#27;[38;5;32m[AndroidUiautomator2Driver@40f8 (25f89ad9)]&amp#27;[0m Matched '/element' to command name 'findElement'
&amp#27;[38;5;32m[AndroidUiautomator2Driver@40f8 (25f89ad9)]&amp#27;[0m Proxying [POST /element] to [POST http://127.0.0.1:8200/session/d89778cb-ee05-4edd-8b57-25175c1a6617/element] with body: {"strategy":"xpath","selector":"//android.widget.Toast","context":"","multiple":false}
&amp#27;[38;5;32m[AndroidUiautomator2Driver@40f8 (25f89ad9)]&amp#27;[0m Got response with status 200: {"sessionId":"d89778cb-ee05-4edd-8b57-25175c1a6617","value":{"ELEMENT":"73889536-e889-4fb0-be15-8efff7675704","element-6066-11e4-a52e-4f735466cecf":"73889536-e889-4fb0-be15-8efff7675704"}}
&amp#27;[38;5;32m[AndroidUiautomator2Driver@40f8 (25f89ad9)]&amp#27;[0m Responding to client with driver.findElement() result: {"element-6066-11e4-a52e-4f735466cecf":"73889536-e889-4fb0-be15-8efff7675704","ELEMENT":"73889536-e889-4fb0-be15-8efff7675704"}
&amp#27;[38;5;0m[HTTP]&amp#27;[0m &amp#27;[37m<-- POST /session/25f89ad9-cc48-483d-8b4d-cc00813e4995/element &amp#27;[39m&amp#27;[32m200&amp#27;[39m &amp#27;[90m1170 ms - 137&amp#27;[39m
&amp#27;[38;5;0m[HTTP]&amp#27;[0m &amp#27;[90m&amp#27;[39m
&amp#27;[38;5;0m[HTTP]&amp#27;[0m &amp#27;[37m-->&amp#27;[39m &amp#27;[37mGET&amp#27;[39m &amp#27;[37m/session/25f89ad9-cc48-483d-8b4d-cc00813e4995/element/73889536-e889-4fb0-be15-8efff7675704/attribute/name&amp#27;[39m
&amp#27;[38;5;0m[HTTP]&amp#27;[0m &amp#27;[90m{}&amp#27;[39m
&amp#27;[38;5;32m[AndroidUiautomator2Driver@40f8 (25f89ad9)]&amp#27;[0m Calling AppiumDriver.getAttribute() with args: ["name","73889536-e889-4fb0-be15-8efff7675704","25f89ad9-cc48-483d-8b4d-cc00813e4995"]
&amp#27;[38;5;32m[AndroidUiautomator2Driver@40f8 (25f89ad9)]&amp#27;[0m Matched '/element/73889536-e889-4fb0-be15-8efff7675704/attribute/name' to command name 'getAttribute'
&amp#27;[38;5;32m[AndroidUiautomator2Driver@40f8 (25f89ad9)]&amp#27;[0m Proxying [GET /element/73889536-e889-4fb0-be15-8efff7675704/attribute/name] to [GET http://127.0.0.1:8200/session/d89778cb-ee05-4edd-8b57-25175c1a6617/element/73889536-e889-4fb0-be15-8efff7675704/attribute/name] with no body
&amp#27;[38;5;32m[AndroidUiautomator2Driver@40f8 (25f89ad9)]&amp#27;[0m Got response with status 200: {"sessionId":"d89778cb-ee05-4edd-8b57-25175c1a6617","value":"Please enter your name"}
&amp#27;[38;5;32m[AndroidUiautomator2Driver@40f8 (25f89ad9)]&amp#27;[0m Responding to client with driver.getAttribute() result: "Please enter your name"
&amp#27;[38;5;0m[HTTP]&amp#27;[0m &amp#27;[37m<-- GET /session/25f89ad9-cc48-483d-8b4d-cc00813e4995/element/73889536-e889-4fb0-be15-8efff7675704/attribute/name &amp#27;[39m&amp#27;[32m200&amp#27;[39m &amp#27;[90m58 ms - 34&amp#27;[39m
&amp#27;[38;5;0m[HTTP]&amp#27;[0m &amp#27;[90m&amp#27;[39m
&amp#27;[38;5;0m[HTTP]&amp#27;[0m &amp#27;[37m-->&amp#27;[39m &amp#27;[37mDELETE&amp#27;[39m &amp#27;[37m/session/25f89ad9-cc48-483d-8b4d-cc00813e4995&amp#27;[39m
&amp#27;[38;5;0m[HTTP]&amp#27;[0m &amp#27;[90m{}&amp#27;[39m
&amp#27;[38;5;32m[AndroidUiautomator2Driver@40f8 (25f89ad9)]&amp#27;[0m Calling AppiumDriver.deleteSession() with args: ["25f89ad9-cc48-483d-8b4d-cc00813e4995"]
&amp#27;[38;5;16m[AppiumDriver@049a]&amp#27;[0m Event 'quitSessionRequested' logged at 1702669328798 (20:42:08 GMT+0100 (MitteleuropÃ¤ische Normalzeit))
&amp#27;[38;5;16m[AppiumDriver@049a]&amp#27;[0m Removing session 25f89ad9-cc48-483d-8b4d-cc00813e4995 from our master session list
&amp#27;[38;5;32m[AndroidUiautomator2Driver@40f8 (25f89ad9)]&amp#27;[0m Deleting UiAutomator2 session
&amp#27;[38;5;32m[AndroidUiautomator2Driver@40f8 (25f89ad9)]&amp#27;[0m Deleting UiAutomator2 server session
&amp#27;[38;5;32m[AndroidUiautomator2Driver@40f8 (25f89ad9)]&amp#27;[0m Matched '/' to command name 'deleteSession'
&amp#27;[38;5;32m[AndroidUiautomator2Driver@40f8 (25f89ad9)]&amp#27;[0m Proxying [DELETE /] to [DELETE http://127.0.0.1:8200/session/d89778cb-ee05-4edd-8b57-25175c1a6617] with no body
&amp#27;[38;5;32m[AndroidUiautomator2Driver@40f8 (25f89ad9)]&amp#27;[0m Got response with status 200: {"sessionId":"d89778cb-ee05-4edd-8b57-25175c1a6617","value":null}
&amp#27;[38;5;64m[ADB]&amp#27;[0m Running 'C:\Users\Admin\AppData\Local\Android\Sdk\platform-tools\adb.exe -P 5037 -s emulator-5554 shell dumpsys activity services io.appium.settings/.recorder.RecorderService'
&amp#27;[38;5;64m[ADB]&amp#27;[0m Running 'C:\Users\Admin\AppData\Local\Android\Sdk\platform-tools\adb.exe -P 5037 -s emulator-5554 shell am force-stop com.androidsample.generalstore'
&amp#27;[38;5;96m[Logcat]&amp#27;[0m Stopping logcat capture
&amp#27;[38;5;64m[ADB]&amp#27;[0m Removing forwarded port socket connection: 8200 
&amp#27;[38;5;64m[ADB]&amp#27;[0m Running 'C:\Users\Admin\AppData\Local\Android\Sdk\platform-tools\adb.exe -P 5037 -s emulator-5554 forward --remove tcp:8200'
&amp#27;[38;5;112m[Instrumentation]&amp#27;[0m .
&amp#27;[38;5;32m[AndroidUiautomator2Driver@40f8 (25f89ad9)]&amp#27;[0m Restoring hidden api policy to the device default configuration
&amp#27;[38;5;64m[ADB]&amp#27;[0m Running 'C:\Users\Admin\AppData\Local\Android\Sdk\platform-tools\adb.exe -P 5037 -s emulator-5554 shell 'settings delete global hidden_api_policy_pre_p_apps;settings delete global hidden_api_policy_p_apps;settings delete global hidden_api_policy''
&amp#27;[38;5;112m[Instrumentation]&amp#27;[0m Time: 13.172
&amp#27;[38;5;112m[Instrumentation]&amp#27;[0m 
&amp#27;[38;5;112m[Instrumentation]&amp#27;[0m OK (1 test)
&amp#27;[38;5;112m[Instrumentation]&amp#27;[0m The process has exited with code 0
&amp#27;[38;5;16m[AppiumDriver@049a]&amp#27;[0m Event 'quitSessionFinished' logged at 1702669329913 (20:42:09 GMT+0100 (MitteleuropÃ¤ische Normalzeit))
&amp#27;[38;5;16m[AppiumDriver@049a]&amp#27;[0m Received response: null
&amp#27;[38;5;16m[AppiumDriver@049a]&amp#27;[0m But deleting session, so not returning
&amp#27;[38;5;16m[AppiumDriver@049a]&amp#27;[0m Responding to client with driver.deleteSession() result: null
&amp#27;[38;5;0m[HTTP]&amp#27;[0m &amp#27;[37m<-- DELETE /session/25f89ad9-cc48-483d-8b4d-cc00813e4995 &amp#27;[39m&amp#27;[32m200&amp#27;[39m &amp#27;[90m1118 ms - 14&amp#27;[39m
&amp#27;[38;5;0m[HTTP]&amp#27;[0m &amp#27;[90m&amp#27;[39m
]]></system-out>
  </testcase>
</testsuite>