<?xml version="1.0" encoding="UTF-8"?>
<!-- Generated by org.testng.reporters.JUnitXMLReporter -->
<testsuite ignored="0" hostname="DESKTOP-UH2PDS9" failures="0" tests="2" name="GeneralStore Smoke Testler" time="90.352" errors="0" timestamp="2023-12-15T20:42:10 MEZ">
  <testcase classname="generalstore.tests.TC01_PozitifTest" name="tc01PozitifTest" time="60.964"/>
  <testcase classname="generalstore.tests.TC02_NegatifTest" name="tc02NegatifTest" time="18.926"/>
</testsuite> <!-- GeneralStore Smoke Testler -->
